2022-04-02 08:54:55.596 WARN  com.zaxxer.hikari.pool.HikariPool                 :787  [32m                  [0;39m HikariPool-1 - Thread starvation or clock leap detected (housekeeper delta=13h21m59s327ms).
2022-04-02 09:05:25.958 WARN  com.zaxxer.hikari.pool.HikariPool                 :779  [32m                  [0;39m HikariPool-1 - Retrograde clock change detected (housekeeper delta=29s483ms), soft-evicting connections from pool.
2022-04-02 09:46:13.414 WARN  com.zaxxer.hikari.pool.HikariPool                 :787  [32m                  [0;39m HikariPool-1 - Thread starvation or clock leap detected (housekeeper delta=40m17s437ms).
2022-04-02 09:47:44.558 WARN  com.zaxxer.hikari.pool.HikariPool                 :787  [32m                  [0;39m HikariPool-1 - Thread starvation or clock leap detected (housekeeper delta=50s916ms).
2022-04-02 09:49:16.959 WARN  com.zaxxer.hikari.pool.HikariPool                 :787  [32m                  [0;39m HikariPool-1 - Thread starvation or clock leap detected (housekeeper delta=49s459ms).
2022-04-02 09:50:06.206 WARN  com.zaxxer.hikari.pool.HikariPool                 :787  [32m                  [0;39m HikariPool-1 - Thread starvation or clock leap detected (housekeeper delta=49s247ms).
2022-04-02 09:50:55.827 WARN  com.zaxxer.hikari.pool.HikariPool                 :787  [32m                  [0;39m HikariPool-1 - Thread starvation or clock leap detected (housekeeper delta=49s621ms).
2022-04-02 09:51:47.670 WARN  com.zaxxer.hikari.pool.HikariPool                 :787  [32m                  [0;39m HikariPool-1 - Thread starvation or clock leap detected (housekeeper delta=51s843ms).
2022-04-02 09:53:21.192 WARN  com.zaxxer.hikari.pool.HikariPool                 :787  [32m                  [0;39m HikariPool-1 - Thread starvation or clock leap detected (housekeeper delta=50s516ms).
2022-04-02 09:54:10.673 WARN  com.zaxxer.hikari.pool.HikariPool                 :787  [32m                  [0;39m HikariPool-1 - Thread starvation or clock leap detected (housekeeper delta=49s481ms).
2022-04-02 09:55:38.959 WARN  com.zaxxer.hikari.pool.HikariPool                 :787  [32m                  [0;39m HikariPool-1 - Thread starvation or clock leap detected (housekeeper delta=45s32ms).
2022-04-02 09:56:27.359 WARN  com.zaxxer.hikari.pool.HikariPool                 :787  [32m                  [0;39m HikariPool-1 - Thread starvation or clock leap detected (housekeeper delta=48s400ms).
2022-04-02 09:57:17.420 WARN  com.zaxxer.hikari.pool.HikariPool                 :787  [32m                  [0;39m HikariPool-1 - Thread starvation or clock leap detected (housekeeper delta=50s61ms).
2022-04-02 09:58:50.939 WARN  com.zaxxer.hikari.pool.HikariPool                 :787  [32m                  [0;39m HikariPool-1 - Thread starvation or clock leap detected (housekeeper delta=50s505ms).
2022-04-02 09:59:41.557 WARN  com.zaxxer.hikari.pool.HikariPool                 :787  [32m                  [0;39m HikariPool-1 - Thread starvation or clock leap detected (housekeeper delta=50s618ms).
2022-04-02 10:00:31.227 WARN  com.zaxxer.hikari.pool.HikariPool                 :787  [32m                  [0;39m HikariPool-1 - Thread starvation or clock leap detected (housekeeper delta=49s670ms).
2022-04-02 10:01:20.781 WARN  com.zaxxer.hikari.pool.HikariPool                 :787  [32m                  [0;39m HikariPool-1 - Thread starvation or clock leap detected (housekeeper delta=49s554ms).
2022-04-02 10:02:12.586 WARN  com.zaxxer.hikari.pool.HikariPool                 :787  [32m                  [0;39m HikariPool-1 - Thread starvation or clock leap detected (housekeeper delta=51s805ms).
2022-04-02 10:03:45.275 WARN  com.zaxxer.hikari.pool.HikariPool                 :787  [32m                  [0;39m HikariPool-1 - Thread starvation or clock leap detected (housekeeper delta=49s611ms).
2022-04-02 10:04:34.856 WARN  com.zaxxer.hikari.pool.HikariPool                 :787  [32m                  [0;39m HikariPool-1 - Thread starvation or clock leap detected (housekeeper delta=49s581ms).
2022-04-02 10:05:23.558 WARN  com.zaxxer.hikari.pool.HikariPool                 :787  [32m                  [0;39m HikariPool-1 - Thread starvation or clock leap detected (housekeeper delta=48s702ms).
2022-04-02 10:06:51.916 WARN  com.zaxxer.hikari.pool.HikariPool                 :787  [32m                  [0;39m HikariPool-1 - Thread starvation or clock leap detected (housekeeper delta=45s286ms).
2022-04-02 10:24:13.964 WARN  com.zaxxer.hikari.pool.HikariPool                 :787  [32m                  [0;39m HikariPool-1 - Thread starvation or clock leap detected (housekeeper delta=16m46s101ms).
2022-04-02 10:42:08.896 WARN  com.zaxxer.hikari.pool.HikariPool                 :787  [32m                  [0;39m HikariPool-1 - Thread starvation or clock leap detected (housekeeper delta=15m53s82ms).
2022-04-02 11:29:46.088 WARN  com.zaxxer.hikari.pool.HikariPool                 :787  [32m                  [0;39m HikariPool-1 - Thread starvation or clock leap detected (housekeeper delta=46m28s4ms).
2022-04-02 11:47:52.112 WARN  com.zaxxer.hikari.pool.HikariPool                 :787  [32m                  [0;39m HikariPool-1 - Thread starvation or clock leap detected (housekeeper delta=16m26s553ms).
2022-04-02 11:54:28.447 WARN  com.zaxxer.hikari.pool.HikariPool                 :787  [32m                  [0;39m HikariPool-1 - Thread starvation or clock leap detected (housekeeper delta=5m26s657ms).
2022-04-02 12:00:25.877 WARN  com.zaxxer.hikari.pool.HikariPool                 :787  [32m                  [0;39m HikariPool-1 - Thread starvation or clock leap detected (housekeeper delta=5m27s427ms).
2022-04-02 14:01:22.191 WARN  com.zaxxer.hikari.pool.HikariPool                 :787  [32m                  [0;39m HikariPool-1 - Thread starvation or clock leap detected (housekeeper delta=2h26s307ms).
2022-04-02 14:05:47.861 WARN  com.zaxxer.hikari.pool.HikariPool                 :787  [32m                  [0;39m HikariPool-1 - Thread starvation or clock leap detected (housekeeper delta=4m25s670ms).
2022-04-02 14:08:07.715 WARN  com.zaxxer.hikari.pool.HikariPool                 :787  [32m                  [0;39m HikariPool-1 - Thread starvation or clock leap detected (housekeeper delta=46s609ms).
2022-04-02 14:09:40.674 WARN  com.zaxxer.hikari.pool.HikariPool                 :787  [32m                  [0;39m HikariPool-1 - Thread starvation or clock leap detected (housekeeper delta=49s945ms).
2022-04-02 14:10:30.848 WARN  com.zaxxer.hikari.pool.HikariPool                 :787  [32m                  [0;39m HikariPool-1 - Thread starvation or clock leap detected (housekeeper delta=50s174ms).
2022-04-02 14:11:20.909 WARN  com.zaxxer.hikari.pool.HikariPool                 :787  [32m                  [0;39m HikariPool-1 - Thread starvation or clock leap detected (housekeeper delta=50s61ms).
2022-04-02 14:12:13.036 WARN  com.zaxxer.hikari.pool.HikariPool                 :787  [32m                  [0;39m HikariPool-1 - Thread starvation or clock leap detected (housekeeper delta=52s127ms).
2022-04-02 14:13:47.740 WARN  com.zaxxer.hikari.pool.HikariPool                 :787  [32m                  [0;39m HikariPool-1 - Thread starvation or clock leap detected (housekeeper delta=50s264ms).
2022-04-02 14:14:38.609 WARN  com.zaxxer.hikari.pool.HikariPool                 :787  [32m                  [0;39m HikariPool-1 - Thread starvation or clock leap detected (housekeeper delta=50s869ms).
2022-04-02 14:15:29.808 WARN  com.zaxxer.hikari.pool.HikariPool                 :787  [32m                  [0;39m HikariPool-1 - Thread starvation or clock leap detected (housekeeper delta=51s199ms).
2022-04-02 14:17:05.737 WARN  com.zaxxer.hikari.pool.HikariPool                 :787  [32m                  [0;39m HikariPool-1 - Thread starvation or clock leap detected (housekeeper delta=51s523ms).
2022-04-02 14:17:57.113 WARN  com.zaxxer.hikari.pool.HikariPool                 :787  [32m                  [0;39m HikariPool-1 - Thread starvation or clock leap detected (housekeeper delta=51s376ms).
2022-04-02 14:18:49.596 WARN  com.zaxxer.hikari.pool.HikariPool                 :787  [32m                  [0;39m HikariPool-1 - Thread starvation or clock leap detected (housekeeper delta=52s483ms).
2022-04-02 14:19:41.252 WARN  com.zaxxer.hikari.pool.HikariPool                 :787  [32m                  [0;39m HikariPool-1 - Thread starvation or clock leap detected (housekeeper delta=51s656ms).
2022-04-02 14:21:17.254 WARN  com.zaxxer.hikari.pool.HikariPool                 :787  [32m                  [0;39m HikariPool-1 - Thread starvation or clock leap detected (housekeeper delta=51s479ms).
2022-04-02 14:22:08.489 WARN  com.zaxxer.hikari.pool.HikariPool                 :787  [32m                  [0;39m HikariPool-1 - Thread starvation or clock leap detected (housekeeper delta=51s235ms).
2022-04-02 14:23:00.940 WARN  com.zaxxer.hikari.pool.HikariPool                 :787  [32m                  [0;39m HikariPool-1 - Thread starvation or clock leap detected (housekeeper delta=52s451ms).
2022-04-02 14:23:53.200 WARN  com.zaxxer.hikari.pool.HikariPool                 :787  [32m                  [0;39m HikariPool-1 - Thread starvation or clock leap detected (housekeeper delta=52s260ms).
2022-04-02 14:25:28.917 WARN  com.zaxxer.hikari.pool.HikariPool                 :787  [32m                  [0;39m HikariPool-1 - Thread starvation or clock leap detected (housekeeper delta=51s575ms).
2022-04-02 14:26:21.495 WARN  com.zaxxer.hikari.pool.HikariPool                 :787  [32m                  [0;39m HikariPool-1 - Thread starvation or clock leap detected (housekeeper delta=52s578ms).
2022-04-02 14:27:13.361 WARN  com.zaxxer.hikari.pool.HikariPool                 :787  [32m                  [0;39m HikariPool-1 - Thread starvation or clock leap detected (housekeeper delta=51s866ms).
2022-04-02 14:28:06.342 WARN  com.zaxxer.hikari.pool.HikariPool                 :787  [32m                  [0;39m HikariPool-1 - Thread starvation or clock leap detected (housekeeper delta=52s981ms).
2022-04-02 14:29:42.721 WARN  com.zaxxer.hikari.pool.HikariPool                 :787  [32m                  [0;39m HikariPool-1 - Thread starvation or clock leap detected (housekeeper delta=51s747ms).
2022-04-02 14:30:35.168 WARN  com.zaxxer.hikari.pool.HikariPool                 :787  [32m                  [0;39m HikariPool-1 - Thread starvation or clock leap detected (housekeeper delta=52s447ms).
2022-04-02 14:31:27.191 WARN  com.zaxxer.hikari.pool.HikariPool                 :787  [32m                  [0;39m HikariPool-1 - Thread starvation or clock leap detected (housekeeper delta=52s23ms).
2022-04-02 14:32:20.031 WARN  com.zaxxer.hikari.pool.HikariPool                 :787  [32m                  [0;39m HikariPool-1 - Thread starvation or clock leap detected (housekeeper delta=52s840ms).
2022-04-02 14:33:57.465 WARN  com.zaxxer.hikari.pool.HikariPool                 :787  [32m                  [0;39m HikariPool-1 - Thread starvation or clock leap detected (housekeeper delta=52s558ms).
2022-04-02 14:34:49.521 WARN  com.zaxxer.hikari.pool.HikariPool                 :787  [32m                  [0;39m HikariPool-1 - Thread starvation or clock leap detected (housekeeper delta=52s56ms).
2022-04-02 14:35:41.300 WARN  com.zaxxer.hikari.pool.HikariPool                 :787  [32m                  [0;39m HikariPool-1 - Thread starvation or clock leap detected (housekeeper delta=51s779ms).
2022-04-02 14:36:34.335 WARN  com.zaxxer.hikari.pool.HikariPool                 :787  [32m                  [0;39m HikariPool-1 - Thread starvation or clock leap detected (housekeeper delta=53s35ms).
2022-04-02 14:38:12.426 WARN  com.zaxxer.hikari.pool.HikariPool                 :787  [32m                  [0;39m HikariPool-1 - Thread starvation or clock leap detected (housekeeper delta=53s140ms).
2022-04-02 14:39:04.298 WARN  com.zaxxer.hikari.pool.HikariPool                 :787  [32m                  [0;39m HikariPool-1 - Thread starvation or clock leap detected (housekeeper delta=51s872ms).
2022-04-02 14:39:56.223 WARN  com.zaxxer.hikari.pool.HikariPool                 :787  [32m                  [0;39m HikariPool-1 - Thread starvation or clock leap detected (housekeeper delta=51s925ms).
2022-04-02 14:40:48.848 WARN  com.zaxxer.hikari.pool.HikariPool                 :787  [32m                  [0;39m HikariPool-1 - Thread starvation or clock leap detected (housekeeper delta=52s625ms).
2022-04-02 14:42:27.167 WARN  com.zaxxer.hikari.pool.HikariPool                 :787  [32m                  [0;39m HikariPool-1 - Thread starvation or clock leap detected (housekeeper delta=53s427ms).
2022-04-02 14:43:20.560 WARN  com.zaxxer.hikari.pool.HikariPool                 :787  [32m                  [0;39m HikariPool-1 - Thread starvation or clock leap detected (housekeeper delta=53s393ms).
2022-04-02 14:44:12.194 WARN  com.zaxxer.hikari.pool.HikariPool                 :787  [32m                  [0;39m HikariPool-1 - Thread starvation or clock leap detected (housekeeper delta=51s634ms).
2022-04-02 14:45:04.486 WARN  com.zaxxer.hikari.pool.HikariPool                 :787  [32m                  [0;39m HikariPool-1 - Thread starvation or clock leap detected (housekeeper delta=52s292ms).
2022-04-02 14:45:59.077 WARN  com.zaxxer.hikari.pool.HikariPool                 :787  [32m                  [0;39m HikariPool-1 - Thread starvation or clock leap detected (housekeeper delta=54s591ms).
2022-04-02 14:46:54.341 WARN  com.zaxxer.hikari.pool.HikariPool                 :787  [32m                  [0;39m HikariPool-1 - Thread starvation or clock leap detected (housekeeper delta=55s264ms).
2022-04-02 14:47:49.399 WARN  com.zaxxer.hikari.pool.HikariPool                 :787  [32m                  [0;39m HikariPool-1 - Thread starvation or clock leap detected (housekeeper delta=55s58ms).
2022-04-02 14:48:44.509 WARN  com.zaxxer.hikari.pool.HikariPool                 :787  [32m                  [0;39m HikariPool-1 - Thread starvation or clock leap detected (housekeeper delta=55s110ms).
2022-04-02 14:49:40.138 WARN  com.zaxxer.hikari.pool.HikariPool                 :787  [32m                  [0;39m HikariPool-1 - Thread starvation or clock leap detected (housekeeper delta=55s629ms).
2022-04-02 14:50:34.633 WARN  com.zaxxer.hikari.pool.HikariPool                 :787  [32m                  [0;39m HikariPool-1 - Thread starvation or clock leap detected (housekeeper delta=54s495ms).
2022-04-02 14:51:20.464 WARN  com.zaxxer.hikari.pool.HikariPool                 :787  [32m                  [0;39m HikariPool-1 - Thread starvation or clock leap detected (housekeeper delta=45s831ms).
2022-04-02 14:52:12.520 WARN  com.zaxxer.hikari.pool.HikariPool                 :787  [32m                  [0;39m HikariPool-1 - Thread starvation or clock leap detected (housekeeper delta=52s56ms).
2022-04-02 14:53:05.753 WARN  com.zaxxer.hikari.pool.HikariPool                 :787  [32m                  [0;39m HikariPool-1 - Thread starvation or clock leap detected (housekeeper delta=53s233ms).
2022-04-02 14:53:57.828 WARN  com.zaxxer.hikari.pool.HikariPool                 :787  [32m                  [0;39m HikariPool-1 - Thread starvation or clock leap detected (housekeeper delta=52s75ms).
2022-04-02 14:54:50.344 WARN  com.zaxxer.hikari.pool.HikariPool                 :787  [32m                  [0;39m HikariPool-1 - Thread starvation or clock leap detected (housekeeper delta=52s516ms).
2022-04-02 14:56:28.662 WARN  com.zaxxer.hikari.pool.HikariPool                 :787  [32m                  [0;39m HikariPool-1 - Thread starvation or clock leap detected (housekeeper delta=53s569ms).
2022-04-02 14:57:20.950 WARN  com.zaxxer.hikari.pool.HikariPool                 :787  [32m                  [0;39m HikariPool-1 - Thread starvation or clock leap detected (housekeeper delta=52s288ms).
2022-04-02 14:58:15.353 WARN  com.zaxxer.hikari.pool.HikariPool                 :787  [32m                  [0;39m HikariPool-1 - Thread starvation or clock leap detected (housekeeper delta=54s403ms).
2022-04-02 14:59:09.759 WARN  com.zaxxer.hikari.pool.HikariPool                 :787  [32m                  [0;39m HikariPool-1 - Thread starvation or clock leap detected (housekeeper delta=54s406ms).
2022-04-02 15:00:05.529 WARN  com.zaxxer.hikari.pool.HikariPool                 :787  [32m                  [0;39m HikariPool-1 - Thread starvation or clock leap detected (housekeeper delta=55s770ms).
2022-04-02 15:01:00.160 WARN  com.zaxxer.hikari.pool.HikariPool                 :787  [32m                  [0;39m HikariPool-1 - Thread starvation or clock leap detected (housekeeper delta=54s631ms).
2022-04-02 15:01:48.556 WARN  com.zaxxer.hikari.pool.HikariPool                 :787  [32m                  [0;39m HikariPool-1 - Thread starvation or clock leap detected (housekeeper delta=48s396ms).
2022-04-02 15:02:46.414 WARN  com.zaxxer.hikari.pool.HikariPool                 :787  [32m                  [0;39m HikariPool-1 - Thread starvation or clock leap detected (housekeeper delta=57s858ms).
2022-04-02 15:04:23.235 WARN  com.zaxxer.hikari.pool.HikariPool                 :787  [32m                  [0;39m HikariPool-1 - Thread starvation or clock leap detected (housekeeper delta=57s789ms).
2022-04-02 15:05:59.471 WARN  com.zaxxer.hikari.pool.HikariPool                 :787  [32m                  [0;39m HikariPool-1 - Thread starvation or clock leap detected (housekeeper delta=55s126ms).
2022-04-02 15:07:30.706 WARN  com.zaxxer.hikari.pool.HikariPool                 :787  [32m                  [0;39m HikariPool-1 - Thread starvation or clock leap detected (housekeeper delta=49s411ms).
2022-04-02 15:08:24.899 WARN  com.zaxxer.hikari.pool.HikariPool                 :787  [32m                  [0;39m HikariPool-1 - Thread starvation or clock leap detected (housekeeper delta=54s193ms).
2022-04-02 15:10:01.939 WARN  com.zaxxer.hikari.pool.HikariPool                 :787  [32m                  [0;39m HikariPool-1 - Thread starvation or clock leap detected (housekeeper delta=55s595ms).
2022-04-02 15:11:39.653 WARN  com.zaxxer.hikari.pool.HikariPool                 :787  [32m                  [0;39m HikariPool-1 - Thread starvation or clock leap detected (housekeeper delta=56s276ms).
2022-04-02 15:12:25.687 WARN  com.zaxxer.hikari.pool.HikariPool                 :787  [32m                  [0;39m HikariPool-1 - Thread starvation or clock leap detected (housekeeper delta=46s34ms).
2022-04-02 15:13:14.431 WARN  com.zaxxer.hikari.pool.HikariPool                 :787  [32m                  [0;39m HikariPool-1 - Thread starvation or clock leap detected (housekeeper delta=48s744ms).
2022-04-02 15:14:09.974 WARN  com.zaxxer.hikari.pool.HikariPool                 :787  [32m                  [0;39m HikariPool-1 - Thread starvation or clock leap detected (housekeeper delta=55s543ms).
2022-04-02 15:15:00.845 WARN  com.zaxxer.hikari.pool.HikariPool                 :787  [32m                  [0;39m HikariPool-1 - Thread starvation or clock leap detected (housekeeper delta=50s871ms).
2022-04-02 15:15:56.616 WARN  com.zaxxer.hikari.pool.HikariPool                 :787  [32m                  [0;39m HikariPool-1 - Thread starvation or clock leap detected (housekeeper delta=55s771ms).
2022-04-02 15:16:52.485 WARN  com.zaxxer.hikari.pool.HikariPool                 :787  [32m                  [0;39m HikariPool-1 - Thread starvation or clock leap detected (housekeeper delta=55s869ms).
2022-04-02 15:17:48.313 WARN  com.zaxxer.hikari.pool.HikariPool                 :787  [32m                  [0;39m HikariPool-1 - Thread starvation or clock leap detected (housekeeper delta=55s828ms).
2022-04-02 15:19:20.641 WARN  com.zaxxer.hikari.pool.HikariPool                 :787  [32m                  [0;39m HikariPool-1 - Thread starvation or clock leap detected (housekeeper delta=50s816ms).
2022-04-02 15:20:06.516 WARN  com.zaxxer.hikari.pool.HikariPool                 :787  [32m                  [0;39m HikariPool-1 - Thread starvation or clock leap detected (housekeeper delta=45s875ms).
2022-04-02 15:21:38.508 WARN  com.zaxxer.hikari.pool.HikariPool                 :787  [32m                  [0;39m HikariPool-1 - Thread starvation or clock leap detected (housekeeper delta=51s926ms).
2022-04-02 18:30:17.514 WARN  com.zaxxer.hikari.pool.HikariPool                 :787  [32m                  [0;39m HikariPool-1 - Thread starvation or clock leap detected (housekeeper delta=3h8m39s1ms).
2022-04-02 18:31:14.361 WARN  com.zaxxer.hikari.pool.HikariPool                 :787  [32m                  [0;39m HikariPool-1 - Thread starvation or clock leap detected (housekeeper delta=56s836ms).
2022-04-02 18:32:09.858 WARN  com.zaxxer.hikari.pool.HikariPool                 :787  [32m                  [0;39m HikariPool-1 - Thread starvation or clock leap detected (housekeeper delta=55s512ms).
2022-04-02 18:33:05.277 WARN  com.zaxxer.hikari.pool.HikariPool                 :787  [32m                  [0;39m HikariPool-1 - Thread starvation or clock leap detected (housekeeper delta=55s420ms).
2022-04-02 18:34:01.654 WARN  com.zaxxer.hikari.pool.HikariPool                 :787  [32m                  [0;39m HikariPool-1 - Thread starvation or clock leap detected (housekeeper delta=56s377ms).
2022-04-02 18:35:09.900 WARN  com.zaxxer.hikari.pool.HikariPool                 :787  [32m                  [0;39m HikariPool-1 - Thread starvation or clock leap detected (housekeeper delta=1m8s234ms).
2022-04-02 18:36:05.424 WARN  com.zaxxer.hikari.pool.HikariPool                 :787  [32m                  [0;39m HikariPool-1 - Thread starvation or clock leap detected (housekeeper delta=55s536ms).
2022-04-02 18:37:00.844 WARN  com.zaxxer.hikari.pool.HikariPool                 :787  [32m                  [0;39m HikariPool-1 - Thread starvation or clock leap detected (housekeeper delta=55s420ms).
2022-04-02 18:38:09.643 WARN  com.zaxxer.hikari.pool.HikariPool                 :787  [32m                  [0;39m HikariPool-1 - Thread starvation or clock leap detected (housekeeper delta=1m8s752ms).
2022-04-02 18:39:06.095 WARN  com.zaxxer.hikari.pool.HikariPool                 :787  [32m                  [0;39m HikariPool-1 - Thread starvation or clock leap detected (housekeeper delta=56s499ms).
2022-04-02 18:40:01.605 WARN  com.zaxxer.hikari.pool.HikariPool                 :787  [32m                  [0;39m HikariPool-1 - Thread starvation or clock leap detected (housekeeper delta=55s509ms).
2022-04-02 18:40:57.097 WARN  com.zaxxer.hikari.pool.HikariPool                 :787  [32m                  [0;39m HikariPool-1 - Thread starvation or clock leap detected (housekeeper delta=55s493ms).
2022-04-02 18:41:52.592 WARN  com.zaxxer.hikari.pool.HikariPool                 :787  [32m                  [0;39m HikariPool-1 - Thread starvation or clock leap detected (housekeeper delta=55s495ms).
2022-04-02 18:43:03.372 WARN  com.zaxxer.hikari.pool.HikariPool                 :787  [32m                  [0;39m HikariPool-1 - Thread starvation or clock leap detected (housekeeper delta=1m10s717ms).
2022-04-02 18:43:58.904 WARN  com.zaxxer.hikari.pool.HikariPool                 :787  [32m                  [0;39m HikariPool-1 - Thread starvation or clock leap detected (housekeeper delta=55s595ms).
2022-04-02 18:44:54.385 WARN  com.zaxxer.hikari.pool.HikariPool                 :787  [32m                  [0;39m HikariPool-1 - Thread starvation or clock leap detected (housekeeper delta=55s480ms).
2022-04-02 18:45:49.899 WARN  com.zaxxer.hikari.pool.HikariPool                 :787  [32m                  [0;39m HikariPool-1 - Thread starvation or clock leap detected (housekeeper delta=55s515ms).
2022-04-02 18:47:01.379 WARN  com.zaxxer.hikari.pool.HikariPool                 :787  [32m                  [0;39m HikariPool-1 - Thread starvation or clock leap detected (housekeeper delta=1m11s459ms).
2022-04-02 18:47:57.090 WARN  com.zaxxer.hikari.pool.HikariPool                 :787  [32m                  [0;39m HikariPool-1 - Thread starvation or clock leap detected (housekeeper delta=55s732ms).
2022-04-02 18:48:52.540 WARN  com.zaxxer.hikari.pool.HikariPool                 :787  [32m                  [0;39m HikariPool-1 - Thread starvation or clock leap detected (housekeeper delta=55s450ms).
2022-04-02 18:50:04.028 WARN  com.zaxxer.hikari.pool.HikariPool                 :787  [32m                  [0;39m HikariPool-1 - Thread starvation or clock leap detected (housekeeper delta=1m11s476ms).
2022-04-02 18:50:58.826 WARN  com.zaxxer.hikari.pool.HikariPool                 :787  [32m                  [0;39m HikariPool-1 - Thread starvation or clock leap detected (housekeeper delta=54s810ms).
2022-04-02 18:51:54.304 WARN  com.zaxxer.hikari.pool.HikariPool                 :787  [32m                  [0;39m HikariPool-1 - Thread starvation or clock leap detected (housekeeper delta=55s478ms).
2022-04-02 20:52:24.095 WARN  com.zaxxer.hikari.pool.HikariPool                 :787  [32m                  [0;39m HikariPool-1 - Thread starvation or clock leap detected (housekeeper delta=2h29s791ms).
2022-04-02 22:53:08.525 WARN  com.zaxxer.hikari.pool.HikariPool                 :787  [32m                  [0;39m HikariPool-1 - Thread starvation or clock leap detected (housekeeper delta=2h44s430ms).
2022-04-02 22:54:03.989 WARN  com.zaxxer.hikari.pool.HikariPool                 :787  [32m                  [0;39m HikariPool-1 - Thread starvation or clock leap detected (housekeeper delta=55s464ms).
2022-04-02 22:55:13.351 WARN  com.zaxxer.hikari.pool.HikariPool                 :787  [32m                  [0;39m HikariPool-1 - Thread starvation or clock leap detected (housekeeper delta=1m9s329ms).
2022-04-02 22:56:09.931 WARN  com.zaxxer.hikari.pool.HikariPool                 :787  [32m                  [0;39m HikariPool-1 - Thread starvation or clock leap detected (housekeeper delta=56s613ms).
2022-04-02 22:57:05.460 WARN  com.zaxxer.hikari.pool.HikariPool                 :787  [32m                  [0;39m HikariPool-1 - Thread starvation or clock leap detected (housekeeper delta=55s529ms).
2022-04-02 22:58:00.919 WARN  com.zaxxer.hikari.pool.HikariPool                 :787  [32m                  [0;39m HikariPool-1 - Thread starvation or clock leap detected (housekeeper delta=55s459ms).
2022-04-02 22:59:09.315 WARN  com.zaxxer.hikari.pool.HikariPool                 :787  [32m                  [0;39m HikariPool-1 - Thread starvation or clock leap detected (housekeeper delta=1m8s357ms).
2022-04-02 23:00:04.893 WARN  com.zaxxer.hikari.pool.HikariPool                 :787  [32m                  [0;39m HikariPool-1 - Thread starvation or clock leap detected (housekeeper delta=55s617ms).
2022-04-02 23:01:00.384 WARN  com.zaxxer.hikari.pool.HikariPool                 :787  [32m                  [0;39m HikariPool-1 - Thread starvation or clock leap detected (housekeeper delta=55s491ms).
2022-04-02 23:02:11.992 WARN  com.zaxxer.hikari.pool.HikariPool                 :787  [32m                  [0;39m HikariPool-1 - Thread starvation or clock leap detected (housekeeper delta=1m11s565ms).
2022-04-02 23:03:06.850 WARN  com.zaxxer.hikari.pool.HikariPool                 :787  [32m                  [0;39m HikariPool-1 - Thread starvation or clock leap detected (housekeeper delta=54s901ms).
2022-04-02 23:04:02.319 WARN  com.zaxxer.hikari.pool.HikariPool                 :787  [32m                  [0;39m HikariPool-1 - Thread starvation or clock leap detected (housekeeper delta=55s469ms).
2022-04-02 23:04:57.835 WARN  com.zaxxer.hikari.pool.HikariPool                 :787  [32m                  [0;39m HikariPool-1 - Thread starvation or clock leap detected (housekeeper delta=55s516ms).
2022-04-02 23:05:53.334 WARN  com.zaxxer.hikari.pool.HikariPool                 :787  [32m                  [0;39m HikariPool-1 - Thread starvation or clock leap detected (housekeeper delta=55s498ms).
2022-04-02 23:07:03.763 WARN  com.zaxxer.hikari.pool.HikariPool                 :787  [32m                  [0;39m HikariPool-1 - Thread starvation or clock leap detected (housekeeper delta=1m10s425ms).
2022-04-02 23:07:59.378 WARN  com.zaxxer.hikari.pool.HikariPool                 :787  [32m                  [0;39m HikariPool-1 - Thread starvation or clock leap detected (housekeeper delta=55s620ms).
2022-04-02 23:08:54.871 WARN  com.zaxxer.hikari.pool.HikariPool                 :787  [32m                  [0;39m HikariPool-1 - Thread starvation or clock leap detected (housekeeper delta=55s492ms).
2022-04-02 23:09:50.384 WARN  com.zaxxer.hikari.pool.HikariPool                 :787  [32m                  [0;39m HikariPool-1 - Thread starvation or clock leap detected (housekeeper delta=55s513ms).
2022-04-02 23:11:00.740 WARN  com.zaxxer.hikari.pool.HikariPool                 :787  [32m                  [0;39m HikariPool-1 - Thread starvation or clock leap detected (housekeeper delta=1m10s344ms).
2022-04-02 23:11:56.378 WARN  com.zaxxer.hikari.pool.HikariPool                 :787  [32m                  [0;39m HikariPool-1 - Thread starvation or clock leap detected (housekeeper delta=55s651ms).
2022-04-02 23:12:51.172 WARN  com.zaxxer.hikari.pool.HikariPool                 :787  [32m                  [0;39m HikariPool-1 - Thread starvation or clock leap detected (housekeeper delta=54s793ms).
2022-04-02 23:14:03.002 WARN  com.zaxxer.hikari.pool.HikariPool                 :787  [32m                  [0;39m HikariPool-1 - Thread starvation or clock leap detected (housekeeper delta=1m11s824ms).
2022-04-02 23:14:58.669 WARN  com.zaxxer.hikari.pool.HikariPool                 :787  [32m                  [0;39m HikariPool-1 - Thread starvation or clock leap detected (housekeeper delta=55s673ms).
2022-04-02 23:15:54.225 WARN  com.zaxxer.hikari.pool.HikariPool                 :787  [32m                  [0;39m HikariPool-1 - Thread starvation or clock leap detected (housekeeper delta=55s557ms).
2022-04-02 23:17:04.460 WARN  com.zaxxer.hikari.pool.HikariPool                 :787  [32m                  [0;39m HikariPool-1 - Thread starvation or clock leap detected (housekeeper delta=1m10s189ms).
2022-04-02 23:18:00.032 WARN  com.zaxxer.hikari.pool.HikariPool                 :787  [32m                  [0;39m HikariPool-1 - Thread starvation or clock leap detected (housekeeper delta=55s618ms).
2022-04-02 23:18:54.871 WARN  com.zaxxer.hikari.pool.HikariPool                 :787  [32m                  [0;39m HikariPool-1 - Thread starvation or clock leap detected (housekeeper delta=54s839ms).
2022-04-02 23:19:50.512 WARN  com.zaxxer.hikari.pool.HikariPool                 :787  [32m                  [0;39m HikariPool-1 - Thread starvation or clock leap detected (housekeeper delta=55s640ms).
2022-04-02 23:21:01.263 WARN  com.zaxxer.hikari.pool.HikariPool                 :787  [32m                  [0;39m HikariPool-1 - Thread starvation or clock leap detected (housekeeper delta=1m10s705ms).
2022-04-02 23:21:56.240 WARN  com.zaxxer.hikari.pool.HikariPool                 :787  [32m                  [0;39m HikariPool-1 - Thread starvation or clock leap detected (housekeeper delta=55s24ms).
2022-04-02 23:22:50.992 WARN  com.zaxxer.hikari.pool.HikariPool                 :787  [32m                  [0;39m HikariPool-1 - Thread starvation or clock leap detected (housekeeper delta=54s752ms).
2022-04-02 23:24:00.276 WARN  com.zaxxer.hikari.pool.HikariPool                 :787  [32m                  [0;39m HikariPool-1 - Thread starvation or clock leap detected (housekeeper delta=1m9s279ms).
2022-04-02 23:24:55.846 WARN  com.zaxxer.hikari.pool.HikariPool                 :787  [32m                  [0;39m HikariPool-1 - Thread starvation or clock leap detected (housekeeper delta=55s575ms).
2022-04-02 23:25:51.362 WARN  com.zaxxer.hikari.pool.HikariPool                 :787  [32m                  [0;39m HikariPool-1 - Thread starvation or clock leap detected (housekeeper delta=55s514ms).
2022-04-02 23:27:02.465 WARN  com.zaxxer.hikari.pool.HikariPool                 :787  [32m                  [0;39m HikariPool-1 - Thread starvation or clock leap detected (housekeeper delta=1m11s104ms).
2022-04-02 23:27:58.075 WARN  com.zaxxer.hikari.pool.HikariPool                 :787  [32m                  [0;39m HikariPool-1 - Thread starvation or clock leap detected (housekeeper delta=55s611ms).
2022-04-02 23:28:53.580 WARN  com.zaxxer.hikari.pool.HikariPool                 :787  [32m                  [0;39m HikariPool-1 - Thread starvation or clock leap detected (housekeeper delta=55s505ms).
2022-04-02 23:30:05.360 WARN  com.zaxxer.hikari.pool.HikariPool                 :787  [32m                  [0;39m HikariPool-1 - Thread starvation or clock leap detected (housekeeper delta=1m11s765ms).
2022-04-02 23:31:00.302 WARN  com.zaxxer.hikari.pool.HikariPool                 :787  [32m                  [0;39m HikariPool-1 - Thread starvation or clock leap detected (housekeeper delta=54s957ms).
2022-04-02 23:31:56.117 WARN  com.zaxxer.hikari.pool.HikariPool                 :787  [32m                  [0;39m HikariPool-1 - Thread starvation or clock leap detected (housekeeper delta=55s815ms).
2022-04-02 23:32:51.706 WARN  com.zaxxer.hikari.pool.HikariPool                 :787  [32m                  [0;39m HikariPool-1 - Thread starvation or clock leap detected (housekeeper delta=55s588ms).
2022-04-02 23:34:01.406 WARN  com.zaxxer.hikari.pool.HikariPool                 :787  [32m                  [0;39m HikariPool-1 - Thread starvation or clock leap detected (housekeeper delta=1m9s682ms).
2022-04-02 23:34:57.026 WARN  com.zaxxer.hikari.pool.HikariPool                 :787  [32m                  [0;39m HikariPool-1 - Thread starvation or clock leap detected (housekeeper delta=55s639ms).
2022-04-02 23:35:53.473 WARN  com.zaxxer.hikari.pool.HikariPool                 :787  [32m                  [0;39m HikariPool-1 - Thread starvation or clock leap detected (housekeeper delta=56s447ms).
2022-04-02 23:37:04.203 WARN  com.zaxxer.hikari.pool.HikariPool                 :787  [32m                  [0;39m HikariPool-1 - Thread starvation or clock leap detected (housekeeper delta=1m10s693ms).
2022-04-02 23:37:59.809 WARN  com.zaxxer.hikari.pool.HikariPool                 :787  [32m                  [0;39m HikariPool-1 - Thread starvation or clock leap detected (housekeeper delta=55s642ms).
2022-04-02 23:38:56.332 WARN  com.zaxxer.hikari.pool.HikariPool                 :787  [32m                  [0;39m HikariPool-1 - Thread starvation or clock leap detected (housekeeper delta=56s524ms).
2022-04-02 23:40:07.033 WARN  com.zaxxer.hikari.pool.HikariPool                 :787  [32m                  [0;39m HikariPool-1 - Thread starvation or clock leap detected (housekeeper delta=1m10s684ms).
2022-04-02 23:41:02.728 WARN  com.zaxxer.hikari.pool.HikariPool                 :787  [32m                  [0;39m HikariPool-1 - Thread starvation or clock leap detected (housekeeper delta=55s711ms).
2022-04-02 23:42:13.872 WARN  com.zaxxer.hikari.pool.HikariPool                 :787  [32m                  [0;39m HikariPool-1 - Thread starvation or clock leap detected (housekeeper delta=1m11s134ms).
2022-04-02 23:43:09.466 WARN  com.zaxxer.hikari.pool.HikariPool                 :787  [32m                  [0;39m HikariPool-1 - Thread starvation or clock leap detected (housekeeper delta=55s605ms).
2022-04-02 23:44:05.941 WARN  com.zaxxer.hikari.pool.HikariPool                 :787  [32m                  [0;39m HikariPool-1 - Thread starvation or clock leap detected (housekeeper delta=56s475ms).
2022-04-02 23:45:18.452 WARN  com.zaxxer.hikari.pool.HikariPool                 :787  [32m                  [0;39m HikariPool-1 - Thread starvation or clock leap detected (housekeeper delta=1m12s496ms).
2022-04-02 23:46:15.061 WARN  com.zaxxer.hikari.pool.HikariPool                 :787  [32m                  [0;39m HikariPool-1 - Thread starvation or clock leap detected (housekeeper delta=56s623ms).
2022-04-02 23:47:10.702 WARN  com.zaxxer.hikari.pool.HikariPool                 :787  [32m                  [0;39m HikariPool-1 - Thread starvation or clock leap detected (housekeeper delta=55s642ms).
2022-04-02 23:48:21.282 WARN  com.zaxxer.hikari.pool.HikariPool                 :787  [32m                  [0;39m HikariPool-1 - Thread starvation or clock leap detected (housekeeper delta=1m10s539ms).
2022-04-02 23:49:16.960 WARN  com.zaxxer.hikari.pool.HikariPool                 :787  [32m                  [0;39m HikariPool-1 - Thread starvation or clock leap detected (housekeeper delta=55s719ms).
2022-04-02 23:50:12.626 WARN  com.zaxxer.hikari.pool.HikariPool                 :787  [32m                  [0;39m HikariPool-1 - Thread starvation or clock leap detected (housekeeper delta=55s666ms).
2022-04-02 23:51:08.195 WARN  com.zaxxer.hikari.pool.HikariPool                 :787  [32m                  [0;39m HikariPool-1 - Thread starvation or clock leap detected (housekeeper delta=55s569ms).
2022-04-02 23:52:16.700 WARN  com.zaxxer.hikari.pool.HikariPool                 :787  [32m                  [0;39m HikariPool-1 - Thread starvation or clock leap detected (housekeeper delta=1m8s494ms).
2022-04-02 23:53:12.424 WARN  com.zaxxer.hikari.pool.HikariPool                 :787  [32m                  [0;39m HikariPool-1 - Thread starvation or clock leap detected (housekeeper delta=55s735ms).
2022-04-02 23:54:08.084 WARN  com.zaxxer.hikari.pool.HikariPool                 :787  [32m                  [0;39m HikariPool-1 - Thread starvation or clock leap detected (housekeeper delta=55s660ms).
2022-04-02 23:55:20.080 WARN  com.zaxxer.hikari.pool.HikariPool                 :787  [32m                  [0;39m HikariPool-1 - Thread starvation or clock leap detected (housekeeper delta=1m11s991ms).
2022-04-02 23:56:15.786 WARN  com.zaxxer.hikari.pool.HikariPool                 :787  [32m                  [0;39m HikariPool-1 - Thread starvation or clock leap detected (housekeeper delta=55s710ms).
2022-04-02 23:57:11.538 WARN  com.zaxxer.hikari.pool.HikariPool                 :787  [32m                  [0;39m HikariPool-1 - Thread starvation or clock leap detected (housekeeper delta=55s753ms).
2022-04-02 23:58:07.173 WARN  com.zaxxer.hikari.pool.HikariPool                 :787  [32m                  [0;39m HikariPool-1 - Thread starvation or clock leap detected (housekeeper delta=55s634ms).
2022-04-02 23:59:16.509 WARN  com.zaxxer.hikari.pool.HikariPool                 :787  [32m                  [0;39m HikariPool-1 - Thread starvation or clock leap detected (housekeeper delta=1m9s337ms).
