2022-01-15 16:03:31.302 INFO  o.a.c.core.ContainerBase.[Tomcat].[localhost].[/] :173  [32m                  [0;39m Initializing Spring DispatcherServlet 'dispatcherServlet'
2022-01-15 16:03:31.307 INFO  org.springframework.web.servlet.DispatcherServlet :525  [32m                  [0;39m Initializing Servlet 'dispatcherServlet'
2022-01-15 16:03:31.313 INFO  org.springframework.web.servlet.DispatcherServlet :547  [32m                  [0;39m Completed initialization in 5 ms
2022-01-15 16:08:31.049 INFO  o.s.scheduling.concurrent.ThreadPoolTaskExecutor  :218  [32m                  [0;39m Shutting down ExecutorService 'applicationTaskExecutor'
2022-01-15 16:09:50.265 INFO  com.zexi.wiki.config.WikiApplication              :55   [32m                  [0;39m Starting WikiApplication using Java 17.0.1 on Nongs-MacBook-Pro.local with PID 97551 (/Users/nongzexi/Desktop/temp/wiki/target/classes started by nongzexi in /Users/nongzexi/Desktop/temp/wiki)
2022-01-15 16:09:50.267 INFO  com.zexi.wiki.config.WikiApplication              :660  [32m                  [0;39m No active profile set, falling back to default profiles: default
2022-01-15 16:09:50.843 INFO  o.s.boot.web.embedded.tomcat.TomcatWebServer      :108  [32m                  [0;39m Tomcat initialized with port(s): 8880 (http)
2022-01-15 16:09:50.851 INFO  org.apache.coyote.http11.Http11NioProtocol        :173  [32m                  [0;39m Initializing ProtocolHandler ["http-nio-8880"]
2022-01-15 16:09:50.852 INFO  org.apache.catalina.core.StandardService          :173  [32m                  [0;39m Starting service [Tomcat]
2022-01-15 16:09:50.852 INFO  org.apache.catalina.core.StandardEngine           :173  [32m                  [0;39m Starting Servlet engine: [Apache Tomcat/9.0.39]
2022-01-15 16:09:50.899 INFO  o.a.c.core.ContainerBase.[Tomcat].[localhost].[/] :173  [32m                  [0;39m Initializing Spring embedded WebApplicationContext
2022-01-15 16:09:50.899 INFO  o.s.b.w.s.c.ServletWebServerApplicationContext    :289  [32m                  [0;39m Root WebApplicationContext: initialization completed in 595 ms
2022-01-15 16:09:51.011 INFO  o.s.scheduling.concurrent.ThreadPoolTaskExecutor  :181  [32m                  [0;39m Initializing ExecutorService 'applicationTaskExecutor'
2022-01-15 16:09:51.117 INFO  org.apache.coyote.http11.Http11NioProtocol        :173  [32m                  [0;39m Starting ProtocolHandler ["http-nio-8880"]
2022-01-15 16:09:51.139 INFO  o.s.boot.web.embedded.tomcat.TomcatWebServer      :220  [32m                  [0;39m Tomcat started on port(s): 8880 (http) with context path ''
2022-01-15 16:09:51.149 INFO  com.zexi.wiki.config.WikiApplication              :61   [32m                  [0;39m Started WikiApplication in 6.228 seconds (JVM running for 6.596)
2022-01-15 16:09:51.151 INFO  com.zexi.wiki.config.WikiApplication              :16   [32m                  [0;39m 启动成功
2022-01-15 16:09:51.152 INFO  com.zexi.wiki.config.WikiApplication              :17   [32m                  [0;39m 地址： 	http://127.0.0.1: 8880
2022-01-15 16:09:56.004 INFO  o.a.c.core.ContainerBase.[Tomcat].[localhost].[/] :173  [32m                  [0;39m Initializing Spring DispatcherServlet 'dispatcherServlet'
2022-01-15 16:09:56.004 INFO  org.springframework.web.servlet.DispatcherServlet :525  [32m                  [0;39m Initializing Servlet 'dispatcherServlet'
2022-01-15 16:09:56.005 INFO  org.springframework.web.servlet.DispatcherServlet :547  [32m                  [0;39m Completed initialization in 1 ms
2022-01-15 16:14:33.093 INFO  o.s.scheduling.concurrent.ThreadPoolTaskExecutor  :218  [32m                  [0;39m Shutting down ExecutorService 'applicationTaskExecutor'
2022-01-15 16:14:44.241 INFO  com.zexi.wiki.config.WikiApplication              :55   [32m                  [0;39m Starting WikiApplication using Java 17.0.1 on Nongs-MacBook-Pro.local with PID 99875 (/Users/nongzexi/Desktop/temp/wiki/target/classes started by nongzexi in /Users/nongzexi/Desktop/temp/wiki)
2022-01-15 16:14:44.242 INFO  com.zexi.wiki.config.WikiApplication              :660  [32m                  [0;39m No active profile set, falling back to default profiles: default
2022-01-15 16:14:44.614 INFO  o.s.boot.web.embedded.tomcat.TomcatWebServer      :108  [32m                  [0;39m Tomcat initialized with port(s): 8880 (http)
2022-01-15 16:14:44.619 INFO  org.apache.coyote.http11.Http11NioProtocol        :173  [32m                  [0;39m Initializing ProtocolHandler ["http-nio-8880"]
2022-01-15 16:14:44.620 INFO  org.apache.catalina.core.StandardService          :173  [32m                  [0;39m Starting service [Tomcat]
2022-01-15 16:14:44.620 INFO  org.apache.catalina.core.StandardEngine           :173  [32m                  [0;39m Starting Servlet engine: [Apache Tomcat/9.0.39]
2022-01-15 16:14:44.653 INFO  o.a.c.core.ContainerBase.[Tomcat].[localhost].[/] :173  [32m                  [0;39m Initializing Spring embedded WebApplicationContext
2022-01-15 16:14:44.654 INFO  o.s.b.w.s.c.ServletWebServerApplicationContext    :289  [32m                  [0;39m Root WebApplicationContext: initialization completed in 384 ms
2022-01-15 16:14:44.739 INFO  o.s.scheduling.concurrent.ThreadPoolTaskExecutor  :181  [32m                  [0;39m Initializing ExecutorService 'applicationTaskExecutor'
2022-01-15 16:14:44.809 INFO  org.apache.coyote.http11.Http11NioProtocol        :173  [32m                  [0;39m Starting ProtocolHandler ["http-nio-8880"]
2022-01-15 16:14:44.825 INFO  o.s.boot.web.embedded.tomcat.TomcatWebServer      :220  [32m                  [0;39m Tomcat started on port(s): 8880 (http) with context path ''
2022-01-15 16:14:44.831 INFO  com.zexi.wiki.config.WikiApplication              :61   [32m                  [0;39m Started WikiApplication in 5.852 seconds (JVM running for 6.132)
2022-01-15 16:14:44.833 INFO  com.zexi.wiki.config.WikiApplication              :18   [32m                  [0;39m 启动成功
2022-01-15 16:14:44.834 INFO  com.zexi.wiki.config.WikiApplication              :19   [32m                  [0;39m 地址： 	http://127.0.0.1: 8880
2022-01-15 16:14:49.574 INFO  o.a.c.core.ContainerBase.[Tomcat].[localhost].[/] :173  [32m                  [0;39m Initializing Spring DispatcherServlet 'dispatcherServlet'
2022-01-15 16:14:49.575 INFO  org.springframework.web.servlet.DispatcherServlet :525  [32m                  [0;39m Initializing Servlet 'dispatcherServlet'
2022-01-15 16:14:49.575 INFO  org.springframework.web.servlet.DispatcherServlet :547  [32m                  [0;39m Completed initialization in 0 ms
2022-01-15 16:15:22.128 INFO  org.apache.coyote.http11.Http11Processor          :175  [32m                  [0;39m Error parsing HTTP request header
 Note: further occurrences of HTTP request parsing errors will be logged at DEBUG level.
java.lang.IllegalArgumentException: The HTTP header line [name = TEST: ] does not conform to RFC 7230 and has been ignored.
	at org.apache.coyote.http11.Http11InputBuffer.skipLine(Http11InputBuffer.java:1041)
	at org.apache.coyote.http11.Http11InputBuffer.parseHeader(Http11InputBuffer.java:893)
	at org.apache.coyote.http11.Http11InputBuffer.parseHeaders(Http11InputBuffer.java:593)
	at org.apache.coyote.http11.Http11Processor.service(Http11Processor.java:284)
	at org.apache.coyote.AbstractProcessorLight.process(AbstractProcessorLight.java:65)
	at org.apache.coyote.AbstractProtocol$ConnectionHandler.process(AbstractProtocol.java:868)
	at org.apache.tomcat.util.net.NioEndpoint$SocketProcessor.doRun(NioEndpoint.java:1590)
	at org.apache.tomcat.util.net.SocketProcessorBase.run(SocketProcessorBase.java:49)
	at java.base/java.util.concurrent.ThreadPoolExecutor.runWorker(ThreadPoolExecutor.java:1136)
	at java.base/java.util.concurrent.ThreadPoolExecutor$Worker.run(ThreadPoolExecutor.java:635)
	at org.apache.tomcat.util.threads.TaskThread$WrappingRunnable.run(TaskThread.java:61)
	at java.base/java.lang.Thread.run(Thread.java:833)
2022-01-15 16:46:56.684 INFO  o.s.scheduling.concurrent.ThreadPoolTaskExecutor  :218  [32m                  [0;39m Shutting down ExecutorService 'applicationTaskExecutor'
2022-01-15 16:47:05.905 INFO  com.zexi.wiki.config.WikiApplication              :55   [32m                  [0;39m Starting WikiApplication using Java 17.0.1 on Nongs-MacBook-Pro.local with PID 15384 (/Users/nongzexi/Desktop/temp/wiki/target/classes started by nongzexi in /Users/nongzexi/Desktop/temp/wiki)
2022-01-15 16:47:05.906 INFO  com.zexi.wiki.config.WikiApplication              :660  [32m                  [0;39m No active profile set, falling back to default profiles: default
2022-01-15 16:47:06.273 INFO  o.s.boot.web.embedded.tomcat.TomcatWebServer      :108  [32m                  [0;39m Tomcat initialized with port(s): 8881 (http)
2022-01-15 16:47:06.277 INFO  org.apache.coyote.http11.Http11NioProtocol        :173  [32m                  [0;39m Initializing ProtocolHandler ["http-nio-8881"]
2022-01-15 16:47:06.278 INFO  org.apache.catalina.core.StandardService          :173  [32m                  [0;39m Starting service [Tomcat]
2022-01-15 16:47:06.278 INFO  org.apache.catalina.core.StandardEngine           :173  [32m                  [0;39m Starting Servlet engine: [Apache Tomcat/9.0.39]
2022-01-15 16:47:06.311 INFO  o.a.c.core.ContainerBase.[Tomcat].[localhost].[/] :173  [32m                  [0;39m Initializing Spring embedded WebApplicationContext
2022-01-15 16:47:06.312 INFO  o.s.b.w.s.c.ServletWebServerApplicationContext    :289  [32m                  [0;39m Root WebApplicationContext: initialization completed in 379 ms
2022-01-15 16:47:06.393 INFO  o.s.scheduling.concurrent.ThreadPoolTaskExecutor  :181  [32m                  [0;39m Initializing ExecutorService 'applicationTaskExecutor'
2022-01-15 16:47:06.466 INFO  org.apache.coyote.http11.Http11NioProtocol        :173  [32m                  [0;39m Starting ProtocolHandler ["http-nio-8881"]
2022-01-15 16:47:06.483 INFO  o.s.boot.web.embedded.tomcat.TomcatWebServer      :220  [32m                  [0;39m Tomcat started on port(s): 8881 (http) with context path ''
2022-01-15 16:47:06.489 INFO  com.zexi.wiki.config.WikiApplication              :61   [32m                  [0;39m Started WikiApplication in 5.836 seconds (JVM running for 6.091)
2022-01-15 16:47:06.491 INFO  com.zexi.wiki.config.WikiApplication              :18   [32m                  [0;39m 启动成功
2022-01-15 16:47:06.492 INFO  com.zexi.wiki.config.WikiApplication              :19   [32m                  [0;39m 地址： 	http://127.0.0.1: 8881
2022-01-15 16:48:14.767 INFO  o.s.scheduling.concurrent.ThreadPoolTaskExecutor  :218  [32m                  [0;39m Shutting down ExecutorService 'applicationTaskExecutor'
2022-01-15 16:48:22.682 INFO  com.zexi.wiki.config.WikiApplication              :55   [32m                  [0;39m Starting WikiApplication using Java 17.0.1 on Nongs-MacBook-Pro.local with PID 16001 (/Users/nongzexi/Desktop/temp/wiki/target/classes started by nongzexi in /Users/nongzexi/Desktop/temp/wiki)
2022-01-15 16:48:22.684 INFO  com.zexi.wiki.config.WikiApplication              :660  [32m                  [0;39m No active profile set, falling back to default profiles: default
2022-01-15 16:48:23.089 INFO  o.s.boot.web.embedded.tomcat.TomcatWebServer      :108  [32m                  [0;39m Tomcat initialized with port(s): 8882 (http)
2022-01-15 16:48:23.094 INFO  org.apache.coyote.http11.Http11NioProtocol        :173  [32m                  [0;39m Initializing ProtocolHandler ["http-nio-8882"]
2022-01-15 16:48:23.095 INFO  org.apache.catalina.core.StandardService          :173  [32m                  [0;39m Starting service [Tomcat]
2022-01-15 16:48:23.095 INFO  org.apache.catalina.core.StandardEngine           :173  [32m                  [0;39m Starting Servlet engine: [Apache Tomcat/9.0.39]
2022-01-15 16:48:23.129 INFO  o.a.c.core.ContainerBase.[Tomcat].[localhost].[/] :173  [32m                  [0;39m Initializing Spring embedded WebApplicationContext
2022-01-15 16:48:23.130 INFO  o.s.b.w.s.c.ServletWebServerApplicationContext    :289  [32m                  [0;39m Root WebApplicationContext: initialization completed in 419 ms
2022-01-15 16:48:23.221 INFO  o.s.scheduling.concurrent.ThreadPoolTaskExecutor  :181  [32m                  [0;39m Initializing ExecutorService 'applicationTaskExecutor'
2022-01-15 16:48:23.286 INFO  org.apache.coyote.http11.Http11NioProtocol        :173  [32m                  [0;39m Starting ProtocolHandler ["http-nio-8882"]
2022-01-15 16:48:23.303 INFO  o.s.boot.web.embedded.tomcat.TomcatWebServer      :220  [32m                  [0;39m Tomcat started on port(s): 8882 (http) with context path ''
2022-01-15 16:48:23.309 INFO  com.zexi.wiki.config.WikiApplication              :61   [32m                  [0;39m Started WikiApplication in 5.916 seconds (JVM running for 6.179)
2022-01-15 16:48:23.310 INFO  com.zexi.wiki.config.WikiApplication              :18   [32m                  [0;39m 启动成功
2022-01-15 16:48:23.311 INFO  com.zexi.wiki.config.WikiApplication              :19   [32m                  [0;39m 地址： 	http://127.0.0.1: 8882
2022-01-15 16:50:15.287 INFO  o.s.scheduling.concurrent.ThreadPoolTaskExecutor  :218  [32m                  [0;39m Shutting down ExecutorService 'applicationTaskExecutor'
2022-01-15 16:50:23.646 INFO  com.zexi.wiki.config.WikiApplication              :55   [32m                  [0;39m Starting WikiApplication using Java 17.0.1 on Nongs-MacBook-Pro.local with PID 16964 (/Users/nongzexi/Desktop/temp/wiki/target/classes started by nongzexi in /Users/nongzexi/Desktop/temp/wiki)
2022-01-15 16:50:23.647 INFO  com.zexi.wiki.config.WikiApplication              :660  [32m                  [0;39m No active profile set, falling back to default profiles: default
2022-01-15 16:50:24.038 INFO  o.s.boot.web.embedded.tomcat.TomcatWebServer      :108  [32m                  [0;39m Tomcat initialized with port(s): 8881 (http)
2022-01-15 16:50:24.044 INFO  org.apache.coyote.http11.Http11NioProtocol        :173  [32m                  [0;39m Initializing ProtocolHandler ["http-nio-8881"]
2022-01-15 16:50:24.044 INFO  org.apache.catalina.core.StandardService          :173  [32m                  [0;39m Starting service [Tomcat]
2022-01-15 16:50:24.044 INFO  org.apache.catalina.core.StandardEngine           :173  [32m                  [0;39m Starting Servlet engine: [Apache Tomcat/9.0.39]
2022-01-15 16:50:24.080 INFO  o.a.c.core.ContainerBase.[Tomcat].[localhost].[/] :173  [32m                  [0;39m Initializing Spring embedded WebApplicationContext
2022-01-15 16:50:24.080 INFO  o.s.b.w.s.c.ServletWebServerApplicationContext    :289  [32m                  [0;39m Root WebApplicationContext: initialization completed in 407 ms
2022-01-15 16:50:24.173 INFO  o.s.scheduling.concurrent.ThreadPoolTaskExecutor  :181  [32m                  [0;39m Initializing ExecutorService 'applicationTaskExecutor'
2022-01-15 16:50:24.236 INFO  org.apache.coyote.http11.Http11NioProtocol        :173  [32m                  [0;39m Starting ProtocolHandler ["http-nio-8881"]
2022-01-15 16:50:24.252 INFO  o.s.boot.web.embedded.tomcat.TomcatWebServer      :220  [32m                  [0;39m Tomcat started on port(s): 8881 (http) with context path ''
2022-01-15 16:50:24.258 INFO  com.zexi.wiki.config.WikiApplication              :61   [32m                  [0;39m Started WikiApplication in 5.895 seconds (JVM running for 6.173)
2022-01-15 16:50:24.260 INFO  com.zexi.wiki.config.WikiApplication              :18   [32m                  [0;39m 启动成功
2022-01-15 16:50:24.260 INFO  com.zexi.wiki.config.WikiApplication              :19   [32m                  [0;39m 地址： 	http://127.0.0.1: 8881
2022-01-15 17:01:19.694 INFO  o.s.scheduling.concurrent.ThreadPoolTaskExecutor  :218  [32m                  [0;39m Shutting down ExecutorService 'applicationTaskExecutor'
2022-01-15 17:01:29.437 INFO  com.zexi.wiki.config.WikiApplication              :55   [32m                  [0;39m Starting WikiApplication using Java 17.0.1 on Nongs-MacBook-Pro.local with PID 22247 (/Users/nongzexi/Desktop/temp/wiki/target/classes started by nongzexi in /Users/nongzexi/Desktop/temp/wiki)
2022-01-15 17:01:29.439 INFO  com.zexi.wiki.config.WikiApplication              :660  [32m                  [0;39m No active profile set, falling back to default profiles: default
2022-01-15 17:01:29.923 INFO  o.s.boot.web.embedded.tomcat.TomcatWebServer      :108  [32m                  [0;39m Tomcat initialized with port(s): 8880 (http)
2022-01-15 17:01:29.931 INFO  org.apache.coyote.http11.Http11NioProtocol        :173  [32m                  [0;39m Initializing ProtocolHandler ["http-nio-8880"]
2022-01-15 17:01:29.932 INFO  org.apache.catalina.core.StandardService          :173  [32m                  [0;39m Starting service [Tomcat]
2022-01-15 17:01:29.932 INFO  org.apache.catalina.core.StandardEngine           :173  [32m                  [0;39m Starting Servlet engine: [Apache Tomcat/9.0.39]
2022-01-15 17:01:29.975 INFO  o.a.c.core.ContainerBase.[Tomcat].[localhost].[/] :173  [32m                  [0;39m Initializing Spring embedded WebApplicationContext
2022-01-15 17:01:29.975 INFO  o.s.b.w.s.c.ServletWebServerApplicationContext    :289  [32m                  [0;39m Root WebApplicationContext: initialization completed in 511 ms
2022-01-15 17:01:30.078 INFO  o.s.scheduling.concurrent.ThreadPoolTaskExecutor  :181  [32m                  [0;39m Initializing ExecutorService 'applicationTaskExecutor'
2022-01-15 17:01:30.154 INFO  org.apache.coyote.http11.Http11NioProtocol        :173  [32m                  [0;39m Starting ProtocolHandler ["http-nio-8880"]
2022-01-15 17:01:30.171 INFO  o.s.boot.web.embedded.tomcat.TomcatWebServer      :220  [32m                  [0;39m Tomcat started on port(s): 8880 (http) with context path ''
2022-01-15 17:01:30.177 INFO  com.zexi.wiki.config.WikiApplication              :61   [32m                  [0;39m Started WikiApplication in 6.005 seconds (JVM running for 6.291)
2022-01-15 17:01:30.179 INFO  com.zexi.wiki.config.WikiApplication              :18   [32m                  [0;39m 启动成功
2022-01-15 17:01:30.179 INFO  com.zexi.wiki.config.WikiApplication              :19   [32m                  [0;39m 地址： 	http://127.0.0.1: 8880
2022-01-15 17:01:32.489 INFO  o.a.c.core.ContainerBase.[Tomcat].[localhost].[/] :173  [32m                  [0;39m Initializing Spring DispatcherServlet 'dispatcherServlet'
2022-01-15 17:01:32.490 INFO  org.springframework.web.servlet.DispatcherServlet :525  [32m                  [0;39m Initializing Servlet 'dispatcherServlet'
2022-01-15 17:01:32.490 INFO  org.springframework.web.servlet.DispatcherServlet :547  [32m                  [0;39m Completed initialization in 0 ms
2022-01-15 17:02:19.384 INFO  o.s.scheduling.concurrent.ThreadPoolTaskExecutor  :218  [32m                  [0;39m Shutting down ExecutorService 'applicationTaskExecutor'
2022-01-15 17:02:28.190 INFO  com.zexi.wiki.config.WikiApplication              :55   [32m                  [0;39m Starting WikiApplication using Java 17.0.1 on Nongs-MacBook-Pro.local with PID 22708 (/Users/nongzexi/Desktop/temp/wiki/target/classes started by nongzexi in /Users/nongzexi/Desktop/temp/wiki)
2022-01-15 17:02:28.191 INFO  com.zexi.wiki.config.WikiApplication              :660  [32m                  [0;39m No active profile set, falling back to default profiles: default
2022-01-15 17:02:28.644 INFO  o.s.boot.web.embedded.tomcat.TomcatWebServer      :108  [32m                  [0;39m Tomcat initialized with port(s): 8880 (http)
2022-01-15 17:02:28.650 INFO  org.apache.coyote.http11.Http11NioProtocol        :173  [32m                  [0;39m Initializing ProtocolHandler ["http-nio-8880"]
2022-01-15 17:02:28.650 INFO  org.apache.catalina.core.StandardService          :173  [32m                  [0;39m Starting service [Tomcat]
2022-01-15 17:02:28.651 INFO  org.apache.catalina.core.StandardEngine           :173  [32m                  [0;39m Starting Servlet engine: [Apache Tomcat/9.0.39]
2022-01-15 17:02:28.690 INFO  o.a.c.core.ContainerBase.[Tomcat].[localhost].[/] :173  [32m                  [0;39m Initializing Spring embedded WebApplicationContext
2022-01-15 17:02:28.690 INFO  o.s.b.w.s.c.ServletWebServerApplicationContext    :289  [32m                  [0;39m Root WebApplicationContext: initialization completed in 468 ms
2022-01-15 17:02:28.792 INFO  o.s.scheduling.concurrent.ThreadPoolTaskExecutor  :181  [32m                  [0;39m Initializing ExecutorService 'applicationTaskExecutor'
2022-01-15 17:02:28.865 INFO  org.apache.coyote.http11.Http11NioProtocol        :173  [32m                  [0;39m Starting ProtocolHandler ["http-nio-8880"]
2022-01-15 17:02:28.881 INFO  o.s.boot.web.embedded.tomcat.TomcatWebServer      :220  [32m                  [0;39m Tomcat started on port(s): 8880 (http) with context path ''
2022-01-15 17:02:28.887 INFO  com.zexi.wiki.config.WikiApplication              :61   [32m                  [0;39m Started WikiApplication in 6.007 seconds (JVM running for 6.298)
2022-01-15 17:02:28.889 INFO  com.zexi.wiki.config.WikiApplication              :18   [32m                  [0;39m 启动成功
2022-01-15 17:02:28.889 INFO  com.zexi.wiki.config.WikiApplication              :19   [32m                  [0;39m 地址： 	http://127.0.0.1: 8880
2022-01-15 17:02:48.086 INFO  o.a.c.core.ContainerBase.[Tomcat].[localhost].[/] :173  [32m                  [0;39m Initializing Spring DispatcherServlet 'dispatcherServlet'
2022-01-15 17:02:48.086 INFO  org.springframework.web.servlet.DispatcherServlet :525  [32m                  [0;39m Initializing Servlet 'dispatcherServlet'
2022-01-15 17:02:48.087 INFO  org.springframework.web.servlet.DispatcherServlet :547  [32m                  [0;39m Completed initialization in 1 ms
2022-01-15 17:03:04.102 INFO  o.s.scheduling.concurrent.ThreadPoolTaskExecutor  :218  [32m                  [0;39m Shutting down ExecutorService 'applicationTaskExecutor'
2022-01-15 17:03:12.342 INFO  com.zexi.wiki.config.WikiApplication              :55   [32m                  [0;39m Starting WikiApplication using Java 17.0.1 on Nongs-MacBook-Pro.local with PID 23062 (/Users/nongzexi/Desktop/temp/wiki/target/classes started by nongzexi in /Users/nongzexi/Desktop/temp/wiki)
2022-01-15 17:03:12.344 INFO  com.zexi.wiki.config.WikiApplication              :660  [32m                  [0;39m No active profile set, falling back to default profiles: default
2022-01-15 17:03:12.869 INFO  o.s.boot.web.embedded.tomcat.TomcatWebServer      :108  [32m                  [0;39m Tomcat initialized with port(s): 8880 (http)
2022-01-15 17:03:12.876 INFO  org.apache.coyote.http11.Http11NioProtocol        :173  [32m                  [0;39m Initializing ProtocolHandler ["http-nio-8880"]
2022-01-15 17:03:12.877 INFO  org.apache.catalina.core.StandardService          :173  [32m                  [0;39m Starting service [Tomcat]
2022-01-15 17:03:12.877 INFO  org.apache.catalina.core.StandardEngine           :173  [32m                  [0;39m Starting Servlet engine: [Apache Tomcat/9.0.39]
2022-01-15 17:03:12.937 INFO  o.a.c.core.ContainerBase.[Tomcat].[localhost].[/] :173  [32m                  [0;39m Initializing Spring embedded WebApplicationContext
2022-01-15 17:03:12.937 INFO  o.s.b.w.s.c.ServletWebServerApplicationContext    :289  [32m                  [0;39m Root WebApplicationContext: initialization completed in 559 ms
2022-01-15 17:03:13.036 INFO  o.s.scheduling.concurrent.ThreadPoolTaskExecutor  :181  [32m                  [0;39m Initializing ExecutorService 'applicationTaskExecutor'
2022-01-15 17:03:13.143 INFO  org.apache.coyote.http11.Http11NioProtocol        :173  [32m                  [0;39m Starting ProtocolHandler ["http-nio-8880"]
2022-01-15 17:03:13.167 INFO  o.s.boot.web.embedded.tomcat.TomcatWebServer      :220  [32m                  [0;39m Tomcat started on port(s): 8880 (http) with context path ''
2022-01-15 17:03:13.176 INFO  com.zexi.wiki.config.WikiApplication              :61   [32m                  [0;39m Started WikiApplication in 6.174 seconds (JVM running for 6.474)
2022-01-15 17:03:13.180 INFO  com.zexi.wiki.config.WikiApplication              :18   [32m                  [0;39m 启动成功
2022-01-15 17:03:13.181 INFO  com.zexi.wiki.config.WikiApplication              :19   [32m                  [0;39m 地址： 	http://127.0.0.1: 8880
2022-01-15 17:03:16.246 INFO  o.a.c.core.ContainerBase.[Tomcat].[localhost].[/] :173  [32m                  [0;39m Initializing Spring DispatcherServlet 'dispatcherServlet'
2022-01-15 17:03:16.246 INFO  org.springframework.web.servlet.DispatcherServlet :525  [32m                  [0;39m Initializing Servlet 'dispatcherServlet'
2022-01-15 17:03:16.247 INFO  org.springframework.web.servlet.DispatcherServlet :547  [32m                  [0;39m Completed initialization in 1 ms
2022-01-15 17:11:08.411 INFO  o.s.scheduling.concurrent.ThreadPoolTaskExecutor  :218  [32m                  [0;39m Shutting down ExecutorService 'applicationTaskExecutor'
2022-01-15 17:11:18.069 INFO  com.zexi.wiki.config.WikiApplication              :55   [32m                  [0;39m Starting WikiApplication using Java 17.0.1 on Nongs-MacBook-Pro.local with PID 26933 (/Users/nongzexi/Desktop/temp/wiki/target/classes started by nongzexi in /Users/nongzexi/Desktop/temp/wiki)
2022-01-15 17:11:18.070 INFO  com.zexi.wiki.config.WikiApplication              :660  [32m                  [0;39m No active profile set, falling back to default profiles: default
2022-01-15 17:11:18.097 INFO  o.s.b.d.env.DevToolsPropertyDefaultsPostProcessor :255  [32m                  [0;39m Devtools property defaults active! Set 'spring.devtools.add-properties' to 'false' to disable
2022-01-15 17:11:18.097 INFO  o.s.b.d.env.DevToolsPropertyDefaultsPostProcessor :255  [32m                  [0;39m For additional web related logging consider setting the 'logging.level.web' property to 'DEBUG'
2022-01-15 17:11:18.533 INFO  o.s.boot.web.embedded.tomcat.TomcatWebServer      :108  [32m                  [0;39m Tomcat initialized with port(s): 8880 (http)
2022-01-15 17:11:18.539 INFO  org.apache.coyote.http11.Http11NioProtocol        :173  [32m                  [0;39m Initializing ProtocolHandler ["http-nio-8880"]
2022-01-15 17:11:18.539 INFO  org.apache.catalina.core.StandardService          :173  [32m                  [0;39m Starting service [Tomcat]
2022-01-15 17:11:18.539 INFO  org.apache.catalina.core.StandardEngine           :173  [32m                  [0;39m Starting Servlet engine: [Apache Tomcat/9.0.39]
2022-01-15 17:11:18.573 INFO  o.a.c.core.ContainerBase.[Tomcat].[localhost].[/] :173  [32m                  [0;39m Initializing Spring embedded WebApplicationContext
2022-01-15 17:11:18.573 INFO  o.s.b.w.s.c.ServletWebServerApplicationContext    :289  [32m                  [0;39m Root WebApplicationContext: initialization completed in 475 ms
2022-01-15 17:11:18.661 INFO  o.s.scheduling.concurrent.ThreadPoolTaskExecutor  :181  [32m                  [0;39m Initializing ExecutorService 'applicationTaskExecutor'
2022-01-15 17:11:18.732 INFO  o.s.b.d.autoconfigure.OptionalLiveReloadServer    :58   [32m                  [0;39m LiveReload server is running on port 35729
2022-01-15 17:11:18.740 INFO  org.apache.coyote.http11.Http11NioProtocol        :173  [32m                  [0;39m Starting ProtocolHandler ["http-nio-8880"]
2022-01-15 17:11:18.756 INFO  o.s.boot.web.embedded.tomcat.TomcatWebServer      :220  [32m                  [0;39m Tomcat started on port(s): 8880 (http) with context path ''
2022-01-15 17:11:18.763 INFO  com.zexi.wiki.config.WikiApplication              :61   [32m                  [0;39m Started WikiApplication in 5.968 seconds (JVM running for 6.348)
2022-01-15 17:11:18.766 INFO  com.zexi.wiki.config.WikiApplication              :18   [32m                  [0;39m 启动成功
2022-01-15 17:11:18.766 INFO  com.zexi.wiki.config.WikiApplication              :19   [32m                  [0;39m 地址： 	http://127.0.0.1: 8880
2022-01-15 17:11:34.603 INFO  o.a.c.core.ContainerBase.[Tomcat].[localhost].[/] :173  [32m                  [0;39m Initializing Spring DispatcherServlet 'dispatcherServlet'
2022-01-15 17:11:34.604 INFO  org.springframework.web.servlet.DispatcherServlet :525  [32m                  [0;39m Initializing Servlet 'dispatcherServlet'
2022-01-15 17:11:34.605 INFO  org.springframework.web.servlet.DispatcherServlet :547  [32m                  [0;39m Completed initialization in 1 ms
2022-01-15 17:11:55.418 INFO  o.s.scheduling.concurrent.ThreadPoolTaskExecutor  :218  [32m                  [0;39m Shutting down ExecutorService 'applicationTaskExecutor'
2022-01-15 17:12:00.480 INFO  com.zexi.wiki.config.WikiApplication              :55   [32m                  [0;39m Starting WikiApplication using Java 17.0.1 on Nongs-MacBook-Pro.local with PID 26933 (/Users/nongzexi/Desktop/temp/wiki/target/classes started by nongzexi in /Users/nongzexi/Desktop/temp/wiki)
2022-01-15 17:12:00.480 INFO  com.zexi.wiki.config.WikiApplication              :660  [32m                  [0;39m No active profile set, falling back to default profiles: default
2022-01-15 17:12:00.648 INFO  o.s.boot.web.embedded.tomcat.TomcatWebServer      :108  [32m                  [0;39m Tomcat initialized with port(s): 8880 (http)
2022-01-15 17:12:00.649 INFO  org.apache.coyote.http11.Http11NioProtocol        :173  [32m                  [0;39m Initializing ProtocolHandler ["http-nio-8880"]
2022-01-15 17:12:00.649 INFO  org.apache.catalina.core.StandardService          :173  [32m                  [0;39m Starting service [Tomcat]
2022-01-15 17:12:00.649 INFO  org.apache.catalina.core.StandardEngine           :173  [32m                  [0;39m Starting Servlet engine: [Apache Tomcat/9.0.39]
2022-01-15 17:12:00.660 INFO  o.a.c.core.ContainerBase.[Tomcat].[localhost].[/] :173  [32m                  [0;39m Initializing Spring embedded WebApplicationContext
2022-01-15 17:12:00.661 INFO  o.s.b.w.s.c.ServletWebServerApplicationContext    :289  [32m                  [0;39m Root WebApplicationContext: initialization completed in 179 ms
2022-01-15 17:12:00.692 INFO  o.s.scheduling.concurrent.ThreadPoolTaskExecutor  :181  [32m                  [0;39m Initializing ExecutorService 'applicationTaskExecutor'
2022-01-15 17:12:00.714 INFO  o.s.b.d.autoconfigure.OptionalLiveReloadServer    :58   [32m                  [0;39m LiveReload server is running on port 35729
2022-01-15 17:12:00.719 INFO  org.apache.coyote.http11.Http11NioProtocol        :173  [32m                  [0;39m Starting ProtocolHandler ["http-nio-8880"]
2022-01-15 17:12:00.721 INFO  o.s.boot.web.embedded.tomcat.TomcatWebServer      :220  [32m                  [0;39m Tomcat started on port(s): 8880 (http) with context path ''
2022-01-15 17:12:00.724 INFO  com.zexi.wiki.config.WikiApplication              :61   [32m                  [0;39m Started WikiApplication in 5.275 seconds (JVM running for 48.308)
2022-01-15 17:12:00.726 INFO  o.s.b.d.a.ConditionEvaluationDeltaLoggingListener :63   [32m                  [0;39m Condition evaluation unchanged
2022-01-15 17:12:00.726 INFO  com.zexi.wiki.config.WikiApplication              :18   [32m                  [0;39m 启动成功
2022-01-15 17:12:00.726 INFO  com.zexi.wiki.config.WikiApplication              :19   [32m                  [0;39m 地址： 	http://127.0.0.1: 8880
2022-01-15 17:12:50.071 INFO  o.s.scheduling.concurrent.ThreadPoolTaskExecutor  :218  [32m                  [0;39m Shutting down ExecutorService 'applicationTaskExecutor'
2022-01-15 17:12:57.794 INFO  com.zexi.wiki.config.WikiApplication              :55   [32m                  [0;39m Starting WikiApplication using Java 17.0.1 on Nongs-MacBook-Pro.local with PID 27745 (/Users/nongzexi/Desktop/temp/wiki/target/classes started by nongzexi in /Users/nongzexi/Desktop/temp/wiki)
2022-01-15 17:12:57.796 INFO  com.zexi.wiki.config.WikiApplication              :660  [32m                  [0;39m No active profile set, falling back to default profiles: default
2022-01-15 17:12:57.820 INFO  o.s.b.d.env.DevToolsPropertyDefaultsPostProcessor :255  [32m                  [0;39m Devtools property defaults active! Set 'spring.devtools.add-properties' to 'false' to disable
2022-01-15 17:12:57.821 INFO  o.s.b.d.env.DevToolsPropertyDefaultsPostProcessor :255  [32m                  [0;39m For additional web related logging consider setting the 'logging.level.web' property to 'DEBUG'
2022-01-15 17:12:58.241 INFO  o.s.boot.web.embedded.tomcat.TomcatWebServer      :108  [32m                  [0;39m Tomcat initialized with port(s): 8880 (http)
2022-01-15 17:12:58.245 INFO  org.apache.coyote.http11.Http11NioProtocol        :173  [32m                  [0;39m Initializing ProtocolHandler ["http-nio-8880"]
2022-01-15 17:12:58.246 INFO  org.apache.catalina.core.StandardService          :173  [32m                  [0;39m Starting service [Tomcat]
2022-01-15 17:12:58.246 INFO  org.apache.catalina.core.StandardEngine           :173  [32m                  [0;39m Starting Servlet engine: [Apache Tomcat/9.0.39]
2022-01-15 17:12:58.278 INFO  o.a.c.core.ContainerBase.[Tomcat].[localhost].[/] :173  [32m                  [0;39m Initializing Spring embedded WebApplicationContext
2022-01-15 17:12:58.278 INFO  o.s.b.w.s.c.ServletWebServerApplicationContext    :289  [32m                  [0;39m Root WebApplicationContext: initialization completed in 457 ms
2022-01-15 17:12:58.363 INFO  o.s.scheduling.concurrent.ThreadPoolTaskExecutor  :181  [32m                  [0;39m Initializing ExecutorService 'applicationTaskExecutor'
2022-01-15 17:12:58.431 INFO  o.s.b.d.autoconfigure.OptionalLiveReloadServer    :58   [32m                  [0;39m LiveReload server is running on port 35729
2022-01-15 17:12:58.438 INFO  org.apache.coyote.http11.Http11NioProtocol        :173  [32m                  [0;39m Starting ProtocolHandler ["http-nio-8880"]
2022-01-15 17:12:58.451 INFO  o.s.boot.web.embedded.tomcat.TomcatWebServer      :220  [32m                  [0;39m Tomcat started on port(s): 8880 (http) with context path ''
2022-01-15 17:12:58.460 INFO  com.zexi.wiki.config.WikiApplication              :61   [32m                  [0;39m Started WikiApplication in 5.928 seconds (JVM running for 6.292)
2022-01-15 17:12:58.462 INFO  com.zexi.wiki.config.WikiApplication              :18   [32m                  [0;39m 启动成功
2022-01-15 17:12:58.463 INFO  com.zexi.wiki.config.WikiApplication              :19   [32m                  [0;39m 地址： 	http://127.0.0.1: 8880
2022-01-15 17:13:10.994 INFO  o.s.scheduling.concurrent.ThreadPoolTaskExecutor  :218  [32m                  [0;39m Shutting down ExecutorService 'applicationTaskExecutor'
2022-01-15 17:13:16.050 INFO  com.zexi.wiki.config.WikiApplication              :55   [32m                  [0;39m Starting WikiApplication using Java 17.0.1 on Nongs-MacBook-Pro.local with PID 27745 (/Users/nongzexi/Desktop/temp/wiki/target/classes started by nongzexi in /Users/nongzexi/Desktop/temp/wiki)
2022-01-15 17:13:16.050 INFO  com.zexi.wiki.config.WikiApplication              :660  [32m                  [0;39m No active profile set, falling back to default profiles: default
2022-01-15 17:13:16.152 INFO  o.s.boot.web.embedded.tomcat.TomcatWebServer      :108  [32m                  [0;39m Tomcat initialized with port(s): 8880 (http)
2022-01-15 17:13:16.152 INFO  org.apache.coyote.http11.Http11NioProtocol        :173  [32m                  [0;39m Initializing ProtocolHandler ["http-nio-8880"]
2022-01-15 17:13:16.153 INFO  org.apache.catalina.core.StandardService          :173  [32m                  [0;39m Starting service [Tomcat]
2022-01-15 17:13:16.153 INFO  org.apache.catalina.core.StandardEngine           :173  [32m                  [0;39m Starting Servlet engine: [Apache Tomcat/9.0.39]
2022-01-15 17:13:16.160 INFO  o.a.c.core.ContainerBase.[Tomcat].[localhost].[/] :173  [32m                  [0;39m Initializing Spring embedded WebApplicationContext
2022-01-15 17:13:16.160 INFO  o.s.b.w.s.c.ServletWebServerApplicationContext    :289  [32m                  [0;39m Root WebApplicationContext: initialization completed in 107 ms
2022-01-15 17:13:16.182 INFO  o.s.scheduling.concurrent.ThreadPoolTaskExecutor  :181  [32m                  [0;39m Initializing ExecutorService 'applicationTaskExecutor'
2022-01-15 17:13:16.198 INFO  o.s.b.d.autoconfigure.OptionalLiveReloadServer    :58   [32m                  [0;39m LiveReload server is running on port 35729
2022-01-15 17:13:16.200 INFO  org.apache.coyote.http11.Http11NioProtocol        :173  [32m                  [0;39m Starting ProtocolHandler ["http-nio-8880"]
2022-01-15 17:13:16.202 INFO  o.s.boot.web.embedded.tomcat.TomcatWebServer      :220  [32m                  [0;39m Tomcat started on port(s): 8880 (http) with context path ''
2022-01-15 17:13:16.205 INFO  com.zexi.wiki.config.WikiApplication              :61   [32m                  [0;39m Started WikiApplication in 5.184 seconds (JVM running for 24.036)
2022-01-15 17:13:16.205 INFO  o.s.b.d.a.ConditionEvaluationDeltaLoggingListener :63   [32m                  [0;39m Condition evaluation unchanged
2022-01-15 17:13:16.206 INFO  com.zexi.wiki.config.WikiApplication              :18   [32m                  [0;39m 启动成功
2022-01-15 17:13:16.206 INFO  com.zexi.wiki.config.WikiApplication              :19   [32m                  [0;39m 地址： 	http://127.0.0.1: 8880
2022-01-15 17:13:30.679 INFO  o.a.c.core.ContainerBase.[Tomcat].[localhost].[/] :173  [32m                  [0;39m Initializing Spring DispatcherServlet 'dispatcherServlet'
2022-01-15 17:13:30.679 INFO  org.springframework.web.servlet.DispatcherServlet :525  [32m                  [0;39m Initializing Servlet 'dispatcherServlet'
2022-01-15 17:13:30.680 INFO  org.springframework.web.servlet.DispatcherServlet :547  [32m                  [0;39m Completed initialization in 1 ms
2022-01-15 17:18:03.624 INFO  o.s.scheduling.concurrent.ThreadPoolTaskExecutor  :218  [32m                  [0;39m Shutting down ExecutorService 'applicationTaskExecutor'
2022-01-15 17:18:08.683 INFO  com.zexi.wiki.config.WikiApplication              :55   [32m                  [0;39m Starting WikiApplication using Java 17.0.1 on Nongs-MacBook-Pro.local with PID 27745 (/Users/nongzexi/Desktop/temp/wiki/target/classes started by nongzexi in /Users/nongzexi/Desktop/temp/wiki)
2022-01-15 17:18:08.683 INFO  com.zexi.wiki.config.WikiApplication              :660  [32m                  [0;39m No active profile set, falling back to default profiles: default
2022-01-15 17:18:08.808 INFO  o.s.boot.web.embedded.tomcat.TomcatWebServer      :108  [32m                  [0;39m Tomcat initialized with port(s): 8880 (http)
2022-01-15 17:18:08.809 INFO  org.apache.coyote.http11.Http11NioProtocol        :173  [32m                  [0;39m Initializing ProtocolHandler ["http-nio-8880"]
2022-01-15 17:18:08.809 INFO  org.apache.catalina.core.StandardService          :173  [32m                  [0;39m Starting service [Tomcat]
2022-01-15 17:18:08.809 INFO  org.apache.catalina.core.StandardEngine           :173  [32m                  [0;39m Starting Servlet engine: [Apache Tomcat/9.0.39]
2022-01-15 17:18:08.818 INFO  o.a.c.core.ContainerBase.[Tomcat].[localhost].[/] :173  [32m                  [0;39m Initializing Spring embedded WebApplicationContext
2022-01-15 17:18:08.818 INFO  o.s.b.w.s.c.ServletWebServerApplicationContext    :289  [32m                  [0;39m Root WebApplicationContext: initialization completed in 133 ms
2022-01-15 17:18:08.844 INFO  o.s.scheduling.concurrent.ThreadPoolTaskExecutor  :181  [32m                  [0;39m Initializing ExecutorService 'applicationTaskExecutor'
2022-01-15 17:18:08.861 INFO  o.s.b.d.autoconfigure.OptionalLiveReloadServer    :58   [32m                  [0;39m LiveReload server is running on port 35729
2022-01-15 17:18:08.864 INFO  org.apache.coyote.http11.Http11NioProtocol        :173  [32m                  [0;39m Starting ProtocolHandler ["http-nio-8880"]
2022-01-15 17:18:08.866 INFO  o.s.boot.web.embedded.tomcat.TomcatWebServer      :220  [32m                  [0;39m Tomcat started on port(s): 8880 (http) with context path ''
2022-01-15 17:18:08.868 INFO  com.zexi.wiki.config.WikiApplication              :61   [32m                  [0;39m Started WikiApplication in 5.213 seconds (JVM running for 316.693)
2022-01-15 17:18:08.868 INFO  o.s.b.d.a.ConditionEvaluationDeltaLoggingListener :63   [32m                  [0;39m Condition evaluation unchanged
2022-01-15 17:18:08.869 INFO  com.zexi.wiki.config.WikiApplication              :18   [32m                  [0;39m 启动成功
2022-01-15 17:18:08.869 INFO  com.zexi.wiki.config.WikiApplication              :19   [32m                  [0;39m 地址： 	http://127.0.0.1: 8880
2022-01-15 17:18:21.403 INFO  o.s.scheduling.concurrent.ThreadPoolTaskExecutor  :218  [32m                  [0;39m Shutting down ExecutorService 'applicationTaskExecutor'
2022-01-15 17:18:26.459 INFO  com.zexi.wiki.config.WikiApplication              :55   [32m                  [0;39m Starting WikiApplication using Java 17.0.1 on Nongs-MacBook-Pro.local with PID 27745 (/Users/nongzexi/Desktop/temp/wiki/target/classes started by nongzexi in /Users/nongzexi/Desktop/temp/wiki)
2022-01-15 17:18:26.460 INFO  com.zexi.wiki.config.WikiApplication              :660  [32m                  [0;39m No active profile set, falling back to default profiles: default
2022-01-15 17:18:26.542 INFO  o.s.boot.web.embedded.tomcat.TomcatWebServer      :108  [32m                  [0;39m Tomcat initialized with port(s): 8880 (http)
2022-01-15 17:18:26.542 INFO  org.apache.coyote.http11.Http11NioProtocol        :173  [32m                  [0;39m Initializing ProtocolHandler ["http-nio-8880"]
2022-01-15 17:18:26.542 INFO  org.apache.catalina.core.StandardService          :173  [32m                  [0;39m Starting service [Tomcat]
2022-01-15 17:18:26.542 INFO  org.apache.catalina.core.StandardEngine           :173  [32m                  [0;39m Starting Servlet engine: [Apache Tomcat/9.0.39]
2022-01-15 17:18:26.548 INFO  o.a.c.core.ContainerBase.[Tomcat].[localhost].[/] :173  [32m                  [0;39m Initializing Spring embedded WebApplicationContext
2022-01-15 17:18:26.548 INFO  o.s.b.w.s.c.ServletWebServerApplicationContext    :289  [32m                  [0;39m Root WebApplicationContext: initialization completed in 86 ms
2022-01-15 17:18:26.566 INFO  o.s.scheduling.concurrent.ThreadPoolTaskExecutor  :181  [32m                  [0;39m Initializing ExecutorService 'applicationTaskExecutor'
2022-01-15 17:18:26.579 INFO  o.s.b.d.autoconfigure.OptionalLiveReloadServer    :58   [32m                  [0;39m LiveReload server is running on port 35729
2022-01-15 17:18:26.581 INFO  org.apache.coyote.http11.Http11NioProtocol        :173  [32m                  [0;39m Starting ProtocolHandler ["http-nio-8880"]
2022-01-15 17:18:26.582 INFO  o.s.boot.web.embedded.tomcat.TomcatWebServer      :220  [32m                  [0;39m Tomcat started on port(s): 8880 (http) with context path ''
2022-01-15 17:18:26.585 INFO  com.zexi.wiki.config.WikiApplication              :61   [32m                  [0;39m Started WikiApplication in 5.151 seconds (JVM running for 334.41)
2022-01-15 17:18:26.586 INFO  o.s.b.d.a.ConditionEvaluationDeltaLoggingListener :63   [32m                  [0;39m Condition evaluation unchanged
2022-01-15 17:18:26.586 INFO  com.zexi.wiki.config.WikiApplication              :18   [32m                  [0;39m 启动成功
2022-01-15 17:18:26.586 INFO  com.zexi.wiki.config.WikiApplication              :19   [32m                  [0;39m 地址： 	http://127.0.0.1: 8880
2022-01-15 17:18:33.607 INFO  o.a.c.core.ContainerBase.[Tomcat].[localhost].[/] :173  [32m                  [0;39m Initializing Spring DispatcherServlet 'dispatcherServlet'
2022-01-15 17:18:33.608 INFO  org.springframework.web.servlet.DispatcherServlet :525  [32m                  [0;39m Initializing Servlet 'dispatcherServlet'
2022-01-15 17:18:33.608 INFO  org.springframework.web.servlet.DispatcherServlet :547  [32m                  [0;39m Completed initialization in 0 ms
2022-01-15 17:18:51.195 INFO  o.s.scheduling.concurrent.ThreadPoolTaskExecutor  :218  [32m                  [0;39m Shutting down ExecutorService 'applicationTaskExecutor'
2022-01-15 17:18:56.245 INFO  com.zexi.wiki.config.WikiApplication              :55   [32m                  [0;39m Starting WikiApplication using Java 17.0.1 on Nongs-MacBook-Pro.local with PID 27745 (/Users/nongzexi/Desktop/temp/wiki/target/classes started by nongzexi in /Users/nongzexi/Desktop/temp/wiki)
2022-01-15 17:18:56.245 INFO  com.zexi.wiki.config.WikiApplication              :660  [32m                  [0;39m No active profile set, falling back to default profiles: default
2022-01-15 17:18:56.323 INFO  o.s.boot.web.embedded.tomcat.TomcatWebServer      :108  [32m                  [0;39m Tomcat initialized with port(s): 8880 (http)
2022-01-15 17:18:56.323 INFO  org.apache.coyote.http11.Http11NioProtocol        :173  [32m                  [0;39m Initializing ProtocolHandler ["http-nio-8880"]
2022-01-15 17:18:56.324 INFO  org.apache.catalina.core.StandardService          :173  [32m                  [0;39m Starting service [Tomcat]
2022-01-15 17:18:56.324 INFO  org.apache.catalina.core.StandardEngine           :173  [32m                  [0;39m Starting Servlet engine: [Apache Tomcat/9.0.39]
2022-01-15 17:18:56.330 INFO  o.a.c.core.ContainerBase.[Tomcat].[localhost].[/] :173  [32m                  [0;39m Initializing Spring embedded WebApplicationContext
2022-01-15 17:18:56.330 INFO  o.s.b.w.s.c.ServletWebServerApplicationContext    :289  [32m                  [0;39m Root WebApplicationContext: initialization completed in 83 ms
2022-01-15 17:18:56.348 INFO  o.s.scheduling.concurrent.ThreadPoolTaskExecutor  :181  [32m                  [0;39m Initializing ExecutorService 'applicationTaskExecutor'
2022-01-15 17:18:56.359 INFO  o.s.b.d.autoconfigure.OptionalLiveReloadServer    :58   [32m                  [0;39m LiveReload server is running on port 35729
2022-01-15 17:18:56.361 INFO  org.apache.coyote.http11.Http11NioProtocol        :173  [32m                  [0;39m Starting ProtocolHandler ["http-nio-8880"]
2022-01-15 17:18:56.364 INFO  o.s.boot.web.embedded.tomcat.TomcatWebServer      :220  [32m                  [0;39m Tomcat started on port(s): 8880 (http) with context path ''
2022-01-15 17:18:56.366 INFO  com.zexi.wiki.config.WikiApplication              :61   [32m                  [0;39m Started WikiApplication in 5.146 seconds (JVM running for 364.19)
2022-01-15 17:18:56.367 INFO  o.s.b.d.a.ConditionEvaluationDeltaLoggingListener :63   [32m                  [0;39m Condition evaluation unchanged
2022-01-15 17:18:56.367 INFO  com.zexi.wiki.config.WikiApplication              :18   [32m                  [0;39m 启动成功
2022-01-15 17:18:56.367 INFO  com.zexi.wiki.config.WikiApplication              :19   [32m                  [0;39m 地址： 	http://127.0.0.1: 8880
2022-01-15 17:18:59.777 INFO  o.a.c.core.ContainerBase.[Tomcat].[localhost].[/] :173  [32m                  [0;39m Initializing Spring DispatcherServlet 'dispatcherServlet'
2022-01-15 17:18:59.777 INFO  org.springframework.web.servlet.DispatcherServlet :525  [32m                  [0;39m Initializing Servlet 'dispatcherServlet'
2022-01-15 17:18:59.778 INFO  org.springframework.web.servlet.DispatcherServlet :547  [32m                  [0;39m Completed initialization in 1 ms
