2022-04-05 01:41:37.554 WARN  com.zaxxer.hikari.pool.HikariPool                 :787  [32m                  [0;39m HikariPool-1 - Thread starvation or clock leap detected (housekeeper delta=2h23s938ms).
2022-04-05 03:42:32.581 WARN  com.zaxxer.hikari.pool.HikariPool                 :787  [32m                  [0;39m HikariPool-1 - Thread starvation or clock leap detected (housekeeper delta=2h25s22ms).
2022-04-05 05:43:26.908 WARN  com.zaxxer.hikari.pool.HikariPool                 :787  [32m                  [0;39m HikariPool-1 - Thread starvation or clock leap detected (housekeeper delta=2h24s313ms).
2022-04-05 07:43:51.526 WARN  com.zaxxer.hikari.pool.HikariPool                 :787  [32m                  [0;39m HikariPool-1 - Thread starvation or clock leap detected (housekeeper delta=2h24s618ms).
2022-04-05 07:59:43.490 WARN  com.zaxxer.hikari.pool.HikariPool                 :787  [32m                  [0;39m HikariPool-1 - Thread starvation or clock leap detected (housekeeper delta=15m21s921ms).
2022-04-05 08:30:47.806 WARN  com.zaxxer.hikari.pool.HikariPool                 :787  [32m                  [0;39m HikariPool-1 - Thread starvation or clock leap detected (housekeeper delta=29m25s784ms).
2022-04-05 12:25:49.211 WARN  com.zaxxer.hikari.pool.HikariPool                 :787  [32m                  [0;39m HikariPool-1 - Thread starvation or clock leap detected (housekeeper delta=30m30s80ms).
2022-04-05 12:26:58.845 WARN  com.zaxxer.hikari.pool.HikariPool                 :787  [32m                  [0;39m HikariPool-1 - Thread starvation or clock leap detected (housekeeper delta=1m9s634ms).
2022-04-05 12:53:45.927 WARN  com.zaxxer.hikari.pool.HikariPool                 :787  [32m                  [0;39m HikariPool-1 - Thread starvation or clock leap detected (housekeeper delta=26m47s82ms).
2022-04-05 13:01:21.347 WARN  com.zaxxer.hikari.pool.HikariPool                 :787  [32m                  [0;39m HikariPool-1 - Thread starvation or clock leap detected (housekeeper delta=7m35s419ms).
2022-04-05 13:37:51.304 WARN  com.zaxxer.hikari.pool.HikariPool                 :787  [32m                  [0;39m HikariPool-1 - Thread starvation or clock leap detected (housekeeper delta=26m29s905ms).
2022-04-05 14:13:15.637 INFO  o.s.scheduling.concurrent.ThreadPoolTaskExecutor  :218  [32m                  [0;39m Shutting down ExecutorService 'applicationTaskExecutor'
2022-04-05 14:13:15.639 INFO  com.zaxxer.hikari.HikariDataSource                :350  [32m                  [0;39m HikariPool-1 - Shutdown initiated...
2022-04-05 14:13:15.641 INFO  com.zaxxer.hikari.HikariDataSource                :352  [32m                  [0;39m HikariPool-1 - Shutdown completed.
2022-04-05 14:13:20.755 INFO  com.zexi.wiki.config.WikiApplication              :55   [32m                  [0;39m Starting WikiApplication using Java 17.0.1 on Nongs-MacBook-Pro.local with PID 54716 (/Users/nongzexi/Desktop/temp/wiki/target/classes started by nongzexi in /Users/nongzexi/Desktop/temp/wiki)
2022-04-05 14:13:20.755 INFO  com.zexi.wiki.config.WikiApplication              :660  [32m                  [0;39m No active profile set, falling back to default profiles: default
2022-04-05 14:13:21.024 INFO  o.s.boot.web.embedded.tomcat.TomcatWebServer      :108  [32m                  [0;39m Tomcat initialized with port(s): 8880 (http)
2022-04-05 14:13:21.024 INFO  org.apache.coyote.http11.Http11NioProtocol        :173  [32m                  [0;39m Initializing ProtocolHandler ["http-nio-8880"]
2022-04-05 14:13:21.025 INFO  org.apache.catalina.core.StandardService          :173  [32m                  [0;39m Starting service [Tomcat]
2022-04-05 14:13:21.025 INFO  org.apache.catalina.core.StandardEngine           :173  [32m                  [0;39m Starting Servlet engine: [Apache Tomcat/9.0.39]
2022-04-05 14:13:21.038 INFO  o.a.c.core.ContainerBase.[Tomcat].[localhost].[/] :173  [32m                  [0;39m Initializing Spring embedded WebApplicationContext
2022-04-05 14:13:21.038 INFO  o.s.b.w.s.c.ServletWebServerApplicationContext    :289  [32m                  [0;39m Root WebApplicationContext: initialization completed in 280 ms
2022-04-05 14:13:21.206 INFO  o.s.scheduling.concurrent.ThreadPoolTaskExecutor  :181  [32m                  [0;39m Initializing ExecutorService 'applicationTaskExecutor'
2022-04-05 14:13:21.268 INFO  o.s.b.d.autoconfigure.OptionalLiveReloadServer    :58   [32m                  [0;39m LiveReload server is running on port 35729
2022-04-05 14:13:21.275 INFO  org.apache.coyote.http11.Http11NioProtocol        :173  [32m                  [0;39m Starting ProtocolHandler ["http-nio-8880"]
2022-04-05 14:13:21.278 INFO  o.s.boot.web.embedded.tomcat.TomcatWebServer      :220  [32m                  [0;39m Tomcat started on port(s): 8880 (http) with context path ''
2022-04-05 14:13:21.282 INFO  com.zexi.wiki.config.WikiApplication              :61   [32m                  [0;39m Started WikiApplication in 5.567 seconds (JVM running for 21541.245)
2022-04-05 14:13:21.286 INFO  o.s.b.d.a.ConditionEvaluationDeltaLoggingListener :63   [32m                  [0;39m Condition evaluation unchanged
2022-04-05 14:13:21.287 INFO  com.zexi.wiki.config.WikiApplication              :20   [32m                  [0;39m 启动成功
2022-04-05 14:13:21.287 INFO  com.zexi.wiki.config.WikiApplication              :21   [32m                  [0;39m 地址： 	http://127.0.0.1: 8880
