2022-01-14 17:30:34.045 INFO  com.zexi.wiki.config.WikiApplicationWikiApplication                     :55   [32m                  [0;39m Starting WikiApplication using Java 17.0.1 on Nongs-MacBook-Pro.local with PID 43247 (/Users/nongzexi/Desktop/temp/wiki/target/classes started by nongzexi in /Users/nongzexi/Desktop/temp/wiki)
2022-01-14 17:30:34.046 INFO  com.zexi.wiki.com.zexi.wiki.config.WikiApplication                     :660  [32m                  [0;39m No active profile set, falling back to default profiles: default
2022-01-14 17:30:34.434 INFO  o.s.boot.web.embedded.tomcat.TomcatWebServer      :108  [32m                  [0;39m Tomcat initialized with port(s): 8880 (http)
2022-01-14 17:30:34.440 INFO  org.apache.coyote.http11.Http11NioProtocol        :173  [32m                  [0;39m Initializing ProtocolHandler ["http-nio-8880"]
2022-01-14 17:30:34.440 INFO  org.apache.catalina.core.StandardService          :173  [32m                  [0;39m Starting service [Tomcat]
2022-01-14 17:30:34.440 INFO  org.apache.catalina.core.StandardEngine           :173  [32m                  [0;39m Starting Servlet engine: [Apache Tomcat/9.0.39]
2022-01-14 17:30:34.475 INFO  o.a.c.core.ContainerBase.[Tomcat].[localhost].[/] :173  [32m                  [0;39m Initializing Spring embedded WebApplicationContext
2022-01-14 17:30:34.476 INFO  o.s.b.w.s.c.ServletWebServerApplicationContext    :289  [32m                  [0;39m Root WebApplicationContext: initialization completed in 405 ms
2022-01-14 17:30:34.565 INFO  o.s.scheduling.concurrent.ThreadPoolTaskExecutor  :181  [32m                  [0;39m Initializing ExecutorService 'applicationTaskExecutor'
2022-01-14 17:30:34.637 INFO  org.apache.coyote.http11.Http11NioProtocol        :173  [32m                  [0;39m Starting ProtocolHandler ["http-nio-8880"]
2022-01-14 17:30:34.656 INFO  o.s.boot.web.embedded.tomcat.TomcatWebServer      :220  [32m                  [0;39m Tomcat started on port(s): 8880 (http) with context path ''
2022-01-14 17:30:34.663 INFO  com.zexi.wiki.com.zexi.wiki.config.WikiApplication                     :61   [32m                  [0;39m Started WikiApplication in 5.877 seconds (JVM running for 6.162)
2022-01-14 17:30:34.665 INFO  com.zexi.wiki.com.zexi.wiki.config.WikiApplication                     :16   [32m                  [0;39m 启动成功
2022-01-14 17:30:34.666 INFO  com.zexi.wiki.com.zexi.wiki.config.WikiApplication                     :17   [32m                  [0;39m 地址： 	http://127.0.0.1: 8880
2022-01-14 17:34:22.962 INFO  o.s.scheduling.concurrent.ThreadPoolTaskExecutor  :218  [32m                  [0;39m Shutting down ExecutorService 'applicationTaskExecutor'
2022-01-14 17:34:31.960 INFO  com.zexi.wiki.com.zexi.wiki.config.WikiApplication                     :55   [32m                  [0;39m Starting WikiApplication using Java 17.0.1 on Nongs-MacBook-Pro.local with PID 45183 (/Users/nongzexi/Desktop/temp/wiki/target/classes started by nongzexi in /Users/nongzexi/Desktop/temp/wiki)
2022-01-14 17:34:31.961 INFO  com.zexi.wiki.com.zexi.wiki.config.WikiApplication                     :660  [32m                  [0;39m No active profile set, falling back to default profiles: default
2022-01-14 17:34:32.353 INFO  o.s.boot.web.embedded.tomcat.TomcatWebServer      :108  [32m                  [0;39m Tomcat initialized with port(s): 8880 (http)
2022-01-14 17:34:32.359 INFO  org.apache.coyote.http11.Http11NioProtocol        :173  [32m                  [0;39m Initializing ProtocolHandler ["http-nio-8880"]
2022-01-14 17:34:32.359 INFO  org.apache.catalina.core.StandardService          :173  [32m                  [0;39m Starting service [Tomcat]
2022-01-14 17:34:32.360 INFO  org.apache.catalina.core.StandardEngine           :173  [32m                  [0;39m Starting Servlet engine: [Apache Tomcat/9.0.39]
2022-01-14 17:34:32.396 INFO  o.a.c.core.ContainerBase.[Tomcat].[localhost].[/] :173  [32m                  [0;39m Initializing Spring embedded WebApplicationContext
2022-01-14 17:34:32.396 INFO  o.s.b.w.s.c.ServletWebServerApplicationContext    :289  [32m                  [0;39m Root WebApplicationContext: initialization completed in 412 ms
2022-01-14 17:34:32.493 INFO  o.s.scheduling.concurrent.ThreadPoolTaskExecutor  :181  [32m                  [0;39m Initializing ExecutorService 'applicationTaskExecutor'
2022-01-14 17:34:32.564 INFO  org.apache.coyote.http11.Http11NioProtocol        :173  [32m                  [0;39m Starting ProtocolHandler ["http-nio-8880"]
2022-01-14 17:34:32.581 INFO  o.s.boot.web.embedded.tomcat.TomcatWebServer      :220  [32m                  [0;39m Tomcat started on port(s): 8880 (http) with context path ''
2022-01-14 17:34:32.587 INFO  com.zexi.wiki.com.zexi.wiki.config.WikiApplication                     :61   [32m                  [0;39m Started WikiApplication in 5.953 seconds (JVM running for 6.208)
2022-01-14 17:34:32.589 INFO  com.zexi.wiki.com.zexi.wiki.config.WikiApplication                     :16   [32m                  [0;39m 启动成功
2022-01-14 17:34:32.589 INFO  com.zexi.wiki.com.zexi.wiki.config.WikiApplication                     :17   [32m                  [0;39m 地址： 	http://127.0.0.1: 8880
2022-01-14 17:35:14.100 INFO  o.s.scheduling.concurrent.ThreadPoolTaskExecutor  :218  [32m                  [0;39m Shutting down ExecutorService 'applicationTaskExecutor'
2022-01-14 17:35:21.868 INFO  com.zexi.wiki.com.zexi.wiki.config.WikiApplication                     :55   [32m                  [0;39m Starting WikiApplication using Java 17.0.1 on Nongs-MacBook-Pro.local with PID 45590 (/Users/nongzexi/Desktop/temp/wiki/target/classes started by nongzexi in /Users/nongzexi/Desktop/temp/wiki)
2022-01-14 17:35:21.870 INFO  com.zexi.wiki.com.zexi.wiki.config.WikiApplication                     :660  [32m                  [0;39m No active profile set, falling back to default profiles: default
2022-01-14 17:35:22.330 INFO  o.s.boot.web.embedded.tomcat.TomcatWebServer      :108  [32m                  [0;39m Tomcat initialized with port(s): 8880 (http)
2022-01-14 17:35:22.338 INFO  org.apache.coyote.http11.Http11NioProtocol        :173  [32m                  [0;39m Initializing ProtocolHandler ["http-nio-8880"]
2022-01-14 17:35:22.339 INFO  org.apache.catalina.core.StandardService          :173  [32m                  [0;39m Starting service [Tomcat]
2022-01-14 17:35:22.339 INFO  org.apache.catalina.core.StandardEngine           :173  [32m                  [0;39m Starting Servlet engine: [Apache Tomcat/9.0.39]
2022-01-14 17:35:22.386 INFO  o.a.c.core.ContainerBase.[Tomcat].[localhost].[/] :173  [32m                  [0;39m Initializing Spring embedded WebApplicationContext
2022-01-14 17:35:22.386 INFO  o.s.b.w.s.c.ServletWebServerApplicationContext    :289  [32m                  [0;39m Root WebApplicationContext: initialization completed in 486 ms
2022-01-14 17:35:22.497 INFO  o.s.scheduling.concurrent.ThreadPoolTaskExecutor  :181  [32m                  [0;39m Initializing ExecutorService 'applicationTaskExecutor'
2022-01-14 17:35:22.576 INFO  org.apache.coyote.http11.Http11NioProtocol        :173  [32m                  [0;39m Starting ProtocolHandler ["http-nio-8880"]
2022-01-14 17:35:22.594 INFO  o.s.boot.web.embedded.tomcat.TomcatWebServer      :220  [32m                  [0;39m Tomcat started on port(s): 8880 (http) with context path ''
2022-01-14 17:35:22.601 INFO  com.zexi.wiki.com.zexi.wiki.config.WikiApplication                     :61   [32m                  [0;39m Started WikiApplication in 6.009 seconds (JVM running for 6.297)
2022-01-14 17:35:22.603 INFO  com.zexi.wiki.com.zexi.wiki.config.WikiApplication                     :16   [32m                  [0;39m 启动成功
2022-01-14 17:35:22.604 INFO  com.zexi.wiki.com.zexi.wiki.config.WikiApplication                     :17   [32m                  [0;39m 地址： 	http://127.0.0.1: 8880
2022-01-14 17:36:24.842 INFO  o.s.scheduling.concurrent.ThreadPoolTaskExecutor  :218  [32m                  [0;39m Shutting down ExecutorService 'applicationTaskExecutor'
2022-01-14 17:36:32.465 INFO  com.zexi.wiki.com.zexi.wiki.config.WikiApplication                     :55   [32m                  [0;39m Starting WikiApplication using Java 17.0.1 on Nongs-MacBook-Pro.local with PID 46166 (/Users/nongzexi/Desktop/temp/wiki/target/classes started by nongzexi in /Users/nongzexi/Desktop/temp/wiki)
2022-01-14 17:36:32.467 INFO  com.zexi.wiki.com.zexi.wiki.config.WikiApplication                     :660  [32m                  [0;39m No active profile set, falling back to default profiles: default
2022-01-14 17:36:32.861 INFO  o.s.boot.web.embedded.tomcat.TomcatWebServer      :108  [32m                  [0;39m Tomcat initialized with port(s): 8880 (http)
2022-01-14 17:36:32.866 INFO  org.apache.coyote.http11.Http11NioProtocol        :173  [32m                  [0;39m Initializing ProtocolHandler ["http-nio-8880"]
2022-01-14 17:36:32.867 INFO  org.apache.catalina.core.StandardService          :173  [32m                  [0;39m Starting service [Tomcat]
2022-01-14 17:36:32.867 INFO  org.apache.catalina.core.StandardEngine           :173  [32m                  [0;39m Starting Servlet engine: [Apache Tomcat/9.0.39]
2022-01-14 17:36:32.902 INFO  o.a.c.core.ContainerBase.[Tomcat].[localhost].[/] :173  [32m                  [0;39m Initializing Spring embedded WebApplicationContext
2022-01-14 17:36:32.903 INFO  o.s.b.w.s.c.ServletWebServerApplicationContext    :289  [32m                  [0;39m Root WebApplicationContext: initialization completed in 409 ms
2022-01-14 17:36:32.993 INFO  o.s.scheduling.concurrent.ThreadPoolTaskExecutor  :181  [32m                  [0;39m Initializing ExecutorService 'applicationTaskExecutor'
2022-01-14 17:36:33.066 INFO  org.apache.coyote.http11.Http11NioProtocol        :173  [32m                  [0;39m Starting ProtocolHandler ["http-nio-8880"]
2022-01-14 17:36:33.083 INFO  o.s.boot.web.embedded.tomcat.TomcatWebServer      :220  [32m                  [0;39m Tomcat started on port(s): 8880 (http) with context path ''
2022-01-14 17:36:33.089 INFO  com.zexi.wiki.com.zexi.wiki.config.WikiApplication                     :61   [32m                  [0;39m Started WikiApplication in 5.886 seconds (JVM running for 6.146)
2022-01-14 17:36:33.091 INFO  com.zexi.wiki.com.zexi.wiki.config.WikiApplication                     :16   [32m                  [0;39m 启动成功
2022-01-14 17:36:33.091 INFO  com.zexi.wiki.com.zexi.wiki.config.WikiApplication                     :17   [32m                  [0;39m 地址： 	http://127.0.0.1: 8880
