2022-04-08 00:17:42.561 WARN  com.zaxxer.hikari.pool.HikariPool                 :787  [32m                  [0;39m HikariPool-1 - Thread starvation or clock leap detected (housekeeper delta=48m2s473ms).
2022-04-08 02:18:36.103 WARN  com.zaxxer.hikari.pool.HikariPool                 :787  [32m                  [0;39m HikariPool-1 - Thread starvation or clock leap detected (housekeeper delta=2h23s416ms).
2022-04-08 04:19:30.095 WARN  com.zaxxer.hikari.pool.HikariPool                 :787  [32m                  [0;39m HikariPool-1 - Thread starvation or clock leap detected (housekeeper delta=2h24s3ms).
2022-04-08 06:20:24.111 WARN  com.zaxxer.hikari.pool.HikariPool                 :787  [32m                  [0;39m HikariPool-1 - Thread starvation or clock leap detected (housekeeper delta=2h24s6ms).
2022-04-08 07:45:26.840 WARN  com.zaxxer.hikari.pool.HikariPool                 :787  [32m                  [0;39m HikariPool-1 - Thread starvation or clock leap detected (housekeeper delta=1h24m32s723ms).
2022-04-08 10:24:29.931 WARN  com.zaxxer.hikari.pool.HikariPool                 :787  [32m                  [0;39m HikariPool-1 - Thread starvation or clock leap detected (housekeeper delta=1h39m32s401ms).
2022-04-08 11:04:16.834 INFO  com.zexi.wiki.aspect.LogAspect                    :40   [32m                  [0;39m ------------- å¼€å§‹ -------------
2022-04-08 11:04:16.834 INFO  com.zexi.wiki.aspect.LogAspect                    :41   [32m                  [0;39m è¯·æ±‚åœ°å€: http://127.0.0.1:8880/ebook/list GET
2022-04-08 11:04:16.835 INFO  com.zexi.wiki.aspect.LogAspect                    :42   [32m                  [0;39m ç±»åæ–¹æ³•: com.zexi.wiki.controller.EbookController.list
2022-04-08 11:04:16.835 INFO  com.zexi.wiki.aspect.LogAspect                    :43   [32m                  [0;39m è¿œç¨‹åœ°å€: 127.0.0.1
2022-04-08 11:04:16.835 INFO  com.zexi.wiki.aspect.LogAspect                    :63   [32m                  [0;39m è¯·æ±‚å‚æ•°: [{"page":1,"size":10}]
2022-04-08 11:04:16.851 DEBUG c.z.wiki.mapper.EbookMapper.selectByExample_COUNT :137  [32m                  [0;39m ==>  Preparing: SELECT count(0) FROM ebook
2022-04-08 11:04:16.852 DEBUG c.z.wiki.mapper.EbookMapper.selectByExample_COUNT :137  [32m                  [0;39m ==> Parameters: 
2022-04-08 11:04:16.872 TRACE c.z.wiki.mapper.EbookMapper.selectByExample_COUNT :143  [32m                  [0;39m <==    Columns: count(0)
2022-04-08 11:04:16.872 TRACE c.z.wiki.mapper.EbookMapper.selectByExample_COUNT :143  [32m                  [0;39m <==        Row: 5
2022-04-08 11:04:16.873 DEBUG c.z.wiki.mapper.EbookMapper.selectByExample_COUNT :137  [32m                  [0;39m <==      Total: 1
2022-04-08 11:04:16.873 DEBUG com.zexi.wiki.mapper.EbookMapper.selectByExample  :137  [32m                  [0;39m ==>  Preparing: select id, `name`, category1_id, category2_id, description, cover, doc_count, view_count, vote_count from ebook LIMIT ?
2022-04-08 11:04:16.874 DEBUG com.zexi.wiki.mapper.EbookMapper.selectByExample  :137  [32m                  [0;39m ==> Parameters: 10(Integer)
2022-04-08 11:04:16.894 TRACE com.zexi.wiki.mapper.EbookMapper.selectByExample  :143  [32m                  [0;39m <==    Columns: id, name, category1_id, category2_id, description, cover, doc_count, view_count, vote_count
2022-04-08 11:04:16.895 TRACE com.zexi.wiki.mapper.EbookMapper.selectByExample  :143  [32m                  [0;39m <==        Row: 1, Spring Boot å…¥é—¨æ•™ç¨‹, null, null, é›¶åŸºç¡€å…¥é—¨ Java å¼€å‘ï¼Œä¼ä¸šçº§åº”ç”¨å¼€å‘æœ€ä½³é¦–é€‰æ¡†æž¶, /image/cover1.png, 2, 6, 10
2022-04-08 11:04:16.896 TRACE com.zexi.wiki.mapper.EbookMapper.selectByExample  :143  [32m                  [0;39m <==        Row: 2, Vue å…¥é—¨æ•™ç¨‹, null, null, é›¶åŸºç¡€å…¥é—¨ Vue å¼€å‘ï¼Œä¼ä¸šçº§åº”ç”¨å¼€å‘æœ€ä½³é¦–é€‰æ¡†æž¶, /image/cover2.png, 0, 0, 0
2022-04-08 11:04:16.897 TRACE com.zexi.wiki.mapper.EbookMapper.selectByExample  :143  [32m                  [0;39m <==        Row: 3, Python å…¥é—¨æ•™ç¨‹, null, null, é›¶åŸºç¡€å…¥é—¨ Python å¼€å‘ï¼Œä¼ä¸šçº§åº”ç”¨å¼€å‘æœ€ä½³é¦–é€‰æ¡†æž¶, null, 0, 0, 0
2022-04-08 11:04:16.898 TRACE com.zexi.wiki.mapper.EbookMapper.selectByExample  :143  [32m                  [0;39m <==        Row: 4, Mysql å…¥é—¨æ•™ç¨‹, null, null, é›¶åŸºç¡€å…¥é—¨ Mysql å¼€å‘ï¼Œä¼ä¸šçº§åº”ç”¨å¼€å‘æœ€ä½³é¦–é€‰æ¡†æž¶, null, 0, 0, 0
2022-04-08 11:04:16.898 TRACE com.zexi.wiki.mapper.EbookMapper.selectByExample  :143  [32m                  [0;39m <==        Row: 5, Oracle å…¥é—¨æ•™ç¨‹, null, null, é›¶åŸºç¡€å…¥é—¨ Oracle å¼€å‘ï¼Œä¼ä¸šçº§åº”ç”¨å¼€å‘æœ€ä½³é¦–é€‰æ¡†æž¶, null, 0, 0, 0
2022-04-08 11:04:16.899 DEBUG com.zexi.wiki.mapper.EbookMapper.selectByExample  :137  [32m                  [0;39m <==      Total: 5
2022-04-08 11:04:16.899 INFO  com.zexi.wiki.service.EbookService                :43   [32m                  [0;39m æ€»è¡Œæ•°ï¼š5
2022-04-08 11:04:16.899 INFO  com.zexi.wiki.service.EbookService                :44   [32m                  [0;39m æ€»é¡µæ•°ï¼š1
2022-04-08 11:04:16.900 INFO  com.zexi.wiki.aspect.LogAspect                    :75   [32m                  [0;39m è¿”å›žç»“æžœ: {"content":{"list":[{"cover":"/image/cover1.png","description":"é›¶åŸºç¡€å…¥é—¨ Java å¼€å‘ï¼Œä¼ä¸šçº§åº”ç”¨å¼€å‘æœ€ä½³é¦–é€‰æ¡†æž¶","docCount":2,"id":1,"name":"Spring Boot å…¥é—¨æ•™ç¨‹","viewCount":6,"voteCount":10},{"cover":"/image/cover2.png","description":"é›¶åŸºç¡€å…¥é—¨ Vue å¼€å‘ï¼Œä¼ä¸šçº§åº”ç”¨å¼€å‘æœ€ä½³é¦–é€‰æ¡†æž¶","docCount":0,"id":2,"name":"Vue å…¥é—¨æ•™ç¨‹","viewCount":0,"voteCount":0},{"description":"é›¶åŸºç¡€å…¥é—¨ Python å¼€å‘ï¼Œä¼ä¸šçº§åº”ç”¨å¼€å‘æœ€ä½³é¦–é€‰æ¡†æž¶","docCount":0,"id":3,"name":"Python å…¥é—¨æ•™ç¨‹","viewCount":0,"voteCount":0},{"description":"é›¶åŸºç¡€å…¥é—¨ Mysql å¼€å‘ï¼Œä¼ä¸šçº§åº”ç”¨å¼€å‘æœ€ä½³é¦–é€‰æ¡†æž¶","docCount":0,"id":4,"name":"Mysql å…¥é—¨æ•™ç¨‹","viewCount":0,"voteCount":0},{"description":"é›¶åŸºç¡€å…¥é—¨ Oracle å¼€å‘ï¼Œä¼ä¸šçº§åº”ç”¨å¼€å‘æœ€ä½³é¦–é€‰æ¡†æž¶","docCount":0,"id":5,"name":"Oracle å…¥é—¨æ•™ç¨‹","viewCount":0,"voteCount":0}],"total":5},"success":true}
2022-04-08 11:04:16.901 INFO  com.zexi.wiki.aspect.LogAspect                    :76   [32m                  [0;39m ------------- ç»“æŸ è€—æ—¶ï¼š67 ms -------------
