2022-01-18 10:38:26.467 INFO  o.s.scheduling.concurrent.ThreadPoolTaskExecutor  :218  [32m                  [0;39m Shutting down ExecutorService 'applicationTaskExecutor'
2022-01-18 11:21:04.248 INFO  com.zexi.wiki.config.WikiApplication              :55   [32m                  [0;39m Starting WikiApplication using Java 17.0.1 on Nongs-MacBook-Pro.local with PID 53778 (/Users/nongzexi/Desktop/temp/wiki/target/classes started by nongzexi in /Users/nongzexi/Desktop/temp/wiki)
2022-01-18 11:21:04.250 INFO  com.zexi.wiki.config.WikiApplication              :660  [32m                  [0;39m No active profile set, falling back to default profiles: default
2022-01-18 11:21:04.289 INFO  o.s.b.d.env.DevToolsPropertyDefaultsPostProcessor :255  [32m                  [0;39m Devtools property defaults active! Set 'spring.devtools.add-properties' to 'false' to disable
2022-01-18 11:21:04.289 INFO  o.s.b.d.env.DevToolsPropertyDefaultsPostProcessor :255  [32m                  [0;39m For additional web related logging consider setting the 'logging.level.web' property to 'DEBUG'
2022-01-18 11:21:05.086 INFO  o.s.boot.web.embedded.tomcat.TomcatWebServer      :108  [32m                  [0;39m Tomcat initialized with port(s): 8880 (http)
2022-01-18 11:21:05.093 INFO  org.apache.coyote.http11.Http11NioProtocol        :173  [32m                  [0;39m Initializing ProtocolHandler ["http-nio-8880"]
2022-01-18 11:21:05.094 INFO  org.apache.catalina.core.StandardService          :173  [32m                  [0;39m Starting service [Tomcat]
2022-01-18 11:21:05.094 INFO  org.apache.catalina.core.StandardEngine           :173  [32m                  [0;39m Starting Servlet engine: [Apache Tomcat/9.0.39]
2022-01-18 11:21:05.152 INFO  o.a.c.core.ContainerBase.[Tomcat].[localhost].[/] :173  [32m                  [0;39m Initializing Spring embedded WebApplicationContext
2022-01-18 11:21:05.152 INFO  o.s.b.w.s.c.ServletWebServerApplicationContext    :289  [32m                  [0;39m Root WebApplicationContext: initialization completed in 862 ms
2022-01-18 11:21:05.440 INFO  o.s.scheduling.concurrent.ThreadPoolTaskExecutor  :181  [32m                  [0;39m Initializing ExecutorService 'applicationTaskExecutor'
2022-01-18 11:21:05.567 INFO  o.s.b.d.autoconfigure.OptionalLiveReloadServer    :58   [32m                  [0;39m LiveReload server is running on port 35729
2022-01-18 11:21:05.577 INFO  org.apache.coyote.http11.Http11NioProtocol        :173  [32m                  [0;39m Starting ProtocolHandler ["http-nio-8880"]
2022-01-18 11:21:05.595 INFO  o.s.boot.web.embedded.tomcat.TomcatWebServer      :220  [32m                  [0;39m Tomcat started on port(s): 8880 (http) with context path ''
2022-01-18 11:21:05.603 INFO  com.zexi.wiki.config.WikiApplication              :61   [32m                  [0;39m Started WikiApplication in 6.841 seconds (JVM running for 7.346)
2022-01-18 11:21:05.606 INFO  com.zexi.wiki.config.WikiApplication              :20   [32m                  [0;39m 启动成功
2022-01-18 11:21:05.606 INFO  com.zexi.wiki.config.WikiApplication              :21   [32m                  [0;39m 地址： 	http://127.0.0.1: 8880
2022-01-18 11:21:09.073 INFO  o.a.c.core.ContainerBase.[Tomcat].[localhost].[/] :173  [32m                  [0;39m Initializing Spring DispatcherServlet 'dispatcherServlet'
2022-01-18 11:21:09.074 INFO  org.springframework.web.servlet.DispatcherServlet :525  [32m                  [0;39m Initializing Servlet 'dispatcherServlet'
2022-01-18 11:21:09.075 INFO  org.springframework.web.servlet.DispatcherServlet :547  [32m                  [0;39m Completed initialization in 1 ms
2022-01-18 11:21:18.886 INFO  com.zaxxer.hikari.HikariDataSource                :110  [32m                  [0;39m HikariPool-1 - Starting...
2022-01-18 11:21:21.335 INFO  com.zaxxer.hikari.HikariDataSource                :123  [32m                  [0;39m HikariPool-1 - Start completed.
2022-01-18 11:28:04.107 WARN  com.zaxxer.hikari.pool.HikariPool                 :787  [32m                  [0;39m HikariPool-1 - Thread starvation or clock leap detected (housekeeper delta=1m12s650ms).
2022-01-18 11:56:54.414 WARN  com.zaxxer.hikari.pool.HikariPool                 :787  [32m                  [0;39m HikariPool-1 - Thread starvation or clock leap detected (housekeeper delta=28m50s308ms).
2022-01-18 12:31:10.367 WARN  com.zaxxer.hikari.pool.HikariPool                 :787  [32m                  [0;39m HikariPool-1 - Thread starvation or clock leap detected (housekeeper delta=31m45s926ms).
2022-01-18 12:41:36.498 WARN  com.zaxxer.hikari.pool.HikariPool                 :787  [32m                  [0;39m HikariPool-1 - Thread starvation or clock leap detected (housekeeper delta=9m56s111ms).
2022-01-18 13:02:24.095 WARN  com.zaxxer.hikari.pool.HikariPool                 :787  [32m                  [0;39m HikariPool-1 - Thread starvation or clock leap detected (housekeeper delta=20m47s597ms).
2022-01-18 13:04:29.277 WARN  com.zaxxer.hikari.pool.HikariPool                 :787  [32m                  [0;39m HikariPool-1 - Thread starvation or clock leap detected (housekeeper delta=2m5s182ms).
2022-01-18 13:05:29.327 WARN  com.zaxxer.hikari.pool.HikariPool                 :787  [32m                  [0;39m HikariPool-1 - Thread starvation or clock leap detected (housekeeper delta=1m50ms).
2022-01-18 14:42:58.750 WARN  com.zaxxer.hikari.pool.HikariPool                 :787  [32m                  [0;39m HikariPool-1 - Thread starvation or clock leap detected (housekeeper delta=21m28s911ms).
2022-01-18 15:02:46.676 WARN  com.zaxxer.hikari.pool.HikariPool                 :787  [32m                  [0;39m HikariPool-1 - Thread starvation or clock leap detected (housekeeper delta=47s791ms).
2022-01-18 15:34:05.687 WARN  com.zaxxer.hikari.pool.HikariPool                 :787  [32m                  [0;39m HikariPool-1 - Thread starvation or clock leap detected (housekeeper delta=3m48s824ms).
2022-01-18 16:21:41.101 WARN  com.zaxxer.hikari.pool.HikariPool                 :787  [32m                  [0;39m HikariPool-1 - Thread starvation or clock leap detected (housekeeper delta=2m35s132ms).
2022-01-18 16:36:43.740 WARN  com.zaxxer.hikari.pool.HikariPool                 :787  [32m                  [0;39m HikariPool-1 - Thread starvation or clock leap detected (housekeeper delta=15m2s639ms).
2022-01-18 17:04:47.779 WARN  com.zaxxer.hikari.pool.HikariPool                 :787  [32m                  [0;39m HikariPool-1 - Thread starvation or clock leap detected (housekeeper delta=28m4s39ms).
2022-01-18 19:19:12.746 WARN  com.zaxxer.hikari.pool.HikariPool                 :787  [32m                  [0;39m HikariPool-1 - Thread starvation or clock leap detected (housekeeper delta=2h14m24s967ms).
2022-01-18 21:14:57.013 WARN  com.zaxxer.hikari.pool.HikariPool                 :787  [32m                  [0;39m HikariPool-1 - Thread starvation or clock leap detected (housekeeper delta=1h55m44s234ms).
2022-01-18 21:33:02.543 WARN  com.zaxxer.hikari.pool.HikariPool                 :787  [32m                  [0;39m HikariPool-1 - Thread starvation or clock leap detected (housekeeper delta=17m34s546ms).
2022-01-18 22:16:02.127 WARN  com.zaxxer.hikari.pool.HikariPool                 :787  [32m                  [0;39m HikariPool-1 - Thread starvation or clock leap detected (housekeeper delta=41m29s569ms).
2022-01-18 22:21:25.405 WARN  com.zaxxer.hikari.pool.HikariPool                 :787  [32m                  [0;39m HikariPool-1 - Thread starvation or clock leap detected (housekeeper delta=5m23s278ms).
2022-01-18 23:02:51.572 WARN  com.zaxxer.hikari.pool.HikariPool                 :787  [32m                  [0;39m HikariPool-1 - Thread starvation or clock leap detected (housekeeper delta=40m56s163ms).
2022-01-18 23:20:31.871 WARN  com.zaxxer.hikari.pool.HikariPool                 :787  [32m                  [0;39m HikariPool-1 - Thread starvation or clock leap detected (housekeeper delta=17m10s289ms).
2022-01-18 23:57:51.254 WARN  com.zaxxer.hikari.pool.HikariPool                 :787  [32m                  [0;39m HikariPool-1 - Thread starvation or clock leap detected (housekeeper delta=36m49s360ms).
